This is pdfeTeX, Version 3.141592-1.21a-2.2 (Web2C 7.5.4) (format=latex 2005.3.3)  26 APR 2005 18:32
entering extended mode
**20041111.tex
(./20041111.tex
LaTeX2e <2003/12/01>
Babel <v3.8d> and hyphenation patterns for american, french, german, ngerman, b
ahasa, basque, bulgarian, catalan, croatian, czech, danish, dutch, esperanto, e
stonian, finnish, greek, icelandic, irish, italian, latin, magyar, norsk, polis
h, portuges, romanian, russian, serbian, slovak, slovene, spanish, swedish, tur
kish, ukrainian, nohyphenation, loaded.
(/sw/share/texmf-dist/tex/latex/base/article.cls
Document Class: article 2004/02/16 v1.4f Standard LaTeX document class
(/sw/share/texmf-dist/tex/latex/base/size12.clo
File: size12.clo 2004/02/16 v1.4f Standard LaTeX file (size option)
)
\c@part=\count79
\c@section=\count80
\c@subsection=\count81
\c@subsubsection=\count82
\c@paragraph=\count83
\c@subparagraph=\count84
\c@figure=\count85
\c@table=\count86
\abovecaptionskip=\skip41
\belowcaptionskip=\skip42
\bibindent=\dimen102
)
(/sw/share/texmf-dist/tex/latex/amsfonts/amssymb.sty
Package: amssymb 2002/01/22 v2.2d

(/sw/share/texmf-dist/tex/latex/amsfonts/amsfonts.sty
Package: amsfonts 2001/10/25 v2.2f
\@emptytoks=\toks14
\symAMSa=\mathgroup4
\symAMSb=\mathgroup5
LaTeX Font Info:    Overwriting math alphabet `\mathfrak' in version `bold'
(Font)                  U/euf/m/n --> U/euf/b/n on input line 132.
))
(/sw/share/texmf-dist/tex/latex/graphics/color.sty
Package: color 1999/02/16 v1.0i Standard LaTeX Color (DPC)

(/sw/share/texmf-dist/tex/latex/graphics/color.cfg
File: color.cfg 2005/02/03 v1.3 color configuration of teTeX/TeXLive
)
Package color Info: Driver file: dvips.def on input line 125.

(/sw/share/texmf-dist/tex/latex/graphics/dvips.def
File: dvips.def 1999/02/16 v3.0i Driver-dependant file (DPC,SPQR)
)
(/sw/share/texmf-dist/tex/latex/graphics/dvipsnam.def
File: dvipsnam.def 1999/02/16 v3.0i Driver-dependant file (DPC,SPQR)
))
(/sw/share/texmf-dist/tex/latex/pstricks/pst-all.sty
Package: pst-all 2004/05/06 the main pstricks tools

(/sw/share/texmf-dist/tex/latex/pstricks/pstricks.sty
Package: pstricks 2004/05/12 v0.2l LaTeX wrapper for `PSTricks' (RN,HV)

(/sw/share/texmf-dist/tex/generic/pstricks/pstricks.tex
`PSTricks' v1.04  <2004/06/22> (tvz)
\pst@dima=\dimen103
\pst@dimb=\dimen104
\pst@dimc=\dimen105
\pst@dimd=\dimen106
\pst@dimg=\dimen107
\pst@dimh=\dimen108
\pst@hbox=\box26
\pst@boxg=\box27
\pst@cnta=\count87
\pst@cntb=\count88
\pst@cntc=\count89
\pst@cntd=\count90
\pst@cntg=\count91
\pst@cnth=\count92
\pst@toks=\toks15
(/sw/share/texmf-dist/tex/generic/pstricks/pstricks.con)
\psunit=\dimen109
\psxunit=\dimen110
\psyunit=\dimen111
\pslinewidth=\dimen112
\pst@customdefs=\toks16
\pslinearc=\dimen113
\everypsbox=\toks17
\psframesep=\dimen114
\pslabelsep=\dimen115
\theoverlaybox=\box28
)
File: pstricks.tex 2004/06/22 v1.04 `PSTricks' (tvz)

(/sw/share/texmf-dist/tex/latex/xcolor/xcolor.sty
Package: xcolor 2004/07/04 v2.00 LaTeX color extensions (UK)

(/sw/share/texmf-dist/tex/latex/graphics/color.cfg
File: color.cfg 2005/02/03 v1.3 color configuration of teTeX/TeXLive
)
Package xcolor Info: Package option `override' ignored on input line 128.
Package xcolor Info: Driver file: dvips.def on input line 136.
LaTeX Info: Redefining \color on input line 494.
Package xcolor Info: Color model `cmy' added on input line 972.
Package xcolor Info: Color model `HTML' added on input line 1000.
Package xcolor Info: Color model `HSB' added on input line 1006.
Package xcolor Info: Color model `Gray' added on input line 1012.
))
(/sw/share/texmf-dist/tex/latex/pstricks/pst-grad.sty
Package: pst-grad 2004/07/15 package wrapper for pst-grad.tex

(/sw/share/texmf-dist/tex/generic/pstricks/pst-grad.tex  v1.04, 2004/06/24)
File: pst-grad.tex 2004/06/24 1.04 `pst-grad' (tvz)
)
(/sw/share/texmf-dist/tex/latex/pstricks/pst-plot.sty
Package: pst-plot 2004/07/15 package wrapper for pst-plot.tex

(/sw/share/texmf-dist/tex/generic/pstricks/pst-plot.tex
 v97 patch 2, 1999/12/12 (/sw/share/texmf-dist/tex/generic/multido/multido.tex
 v1.41, 2004/05/18 <tvz>
\multido@count=\count93
\multidocount=\count94
\multido@stuff=\toks18
))
File: pst-plot.tex 2004/05/18 1.41 `pst-plot' (tvz)
)
(/sw/share/texmf-dist/tex/latex/pstricks/pst-coil.sty
Package: pst-coil 2004/07/15 package wrapper for pst-coil.tex

(/sw/share/texmf-dist/tex/generic/pstricks/pst-coil.tex
 v97 patch 2, 1998/03/19)
File: pst-coil.tex 1998/03/19 v97 patch 2 `pst-coil' (tvz)
)
(/sw/share/texmf-dist/tex/latex/pstricks/pst-text.sty
Package: pst-text 2004/07/15 package wrapper for pst-text.tex

(/sw/share/texmf-dist/tex/generic/pstricks/pst-text.tex  v97, 1997/03/25)
File: pst-text.tex 1997/03/25 97 `pst-text' (tvz)
)
(/sw/share/texmf-dist/tex/latex/pstricks/pst-char.sty
Package: pst-char 2004/07/15 package wrapper for pst-char.tex

(/sw/share/texmf-dist/tex/generic/pstricks/pst-char.tex
 v97 patch 3, 1999/03/11)
File: pst-char.tex 1999/03/11 97 patch 3 `pst-char' (tvz)
)
(/sw/share/texmf-dist/tex/latex/pstricks/pst-node.sty
Package: pst-node 2004/07/15 package wrapper for pst-node.tex

(/sw/share/texmf-dist/tex/generic/pstricks/pst-node.tex
 v97 patch 11, 2000/11/09
\psrow=\count95
\pscol=\count96
\psmatrixcnt=\count97
\psrowsep=\skip43
\pscolsep=\skip44
)
File: pst-node.tex 2000/11/09 97 patch 11 `pst-node' (tvz)
) (/sw/share/texmf-dist/tex/latex/pstricks/pst-3d.sty
Package: pst-3d 2004/07/15 package wrapper for pst-3d.tex
(/sw/share/texmf-dist/tex/generic/pstricks/pst-3d.tex  v97, 1997/03/25)
File: pst-3d.tex 1997/03/25 97 `pst-3d' (tvz)
)
(/sw/share/texmf-dist/tex/latex/pstricks/pst-eps.sty
Package: pst-eps 2004/07/15 package wrapper for pst-eps.tex

(/sw/share/texmf-dist/tex/generic/pstricks/pst-eps.tex
 v97 patch 1, 1997/05/05
\pst@epsout=\write3
\pst@tempout=\write4
)
File: pst-eps.tex 1997/05/05 97 patch 1 `pst-eps' (tvz)
)
(/sw/share/texmf-dist/tex/latex/pstricks/pst-fill.sty
Package: pst-fill 2004/07/15 package wrapper for pst-fill.tex

(/sw/share/texmf-dist/tex/generic/pstricks/pst-fill.tex
 v97 patch 4, 2004/08/18
\pst@fillbox=\box29
)
File: pst-fill.tex 2004/08/18 97 patch 4 `pst-fill' (tvz)
)
(/sw/share/texmf-dist/tex/latex/pstricks/pst-tree.sty
Package: pst-tree 2004/07/15 package wrapper for pst-tree.tex

(/sw/share/texmf-dist/tex/generic/pstricks/pst-tree.tex
 v97 patch 6, 2004/07/24
\pstree@rootbox=\box30
\pstree@box=\box31
\psnodecnt=\count98
\pstreelevel=\count99
\pstreecnt=\count100
\pstree@cnt=\count101
\pstree@stop=\count102
)
File: pst-tree.tex 2004/07/24 97 patch 6 `pst-tree' (tvz)
)
(/sw/share/texmf-dist/tex/generic/multido/multido.sty
Package: multido 2004/05/17 package wrapper for PSTricks `multido.tex', (HV/RN)

)) (./20041111.aux)
\openout1 = `20041111.aux'.

LaTeX Font Info:    Checking defaults for OML/cmm/m/it on input line 17.
LaTeX Font Info:    ... okay on input line 17.
LaTeX Font Info:    Checking defaults for T1/cmr/m/n on input line 17.
LaTeX Font Info:    ... okay on input line 17.
LaTeX Font Info:    Checking defaults for OT1/cmr/m/n on input line 17.
LaTeX Font Info:    ... okay on input line 17.
LaTeX Font Info:    Checking defaults for OMS/cmsy/m/n on input line 17.
LaTeX Font Info:    ... okay on input line 17.
LaTeX Font Info:    Checking defaults for OMX/cmex/m/n on input line 17.
LaTeX Font Info:    ... okay on input line 17.
LaTeX Font Info:    Checking defaults for U/cmr/m/n on input line 17.
LaTeX Font Info:    ... okay on input line 17.
LaTeX Font Info:    Try loading font information for U+msa on input line 21.

(/sw/share/texmf-dist/tex/latex/amsfonts/umsa.fd
File: umsa.fd 2002/01/19 v2.2g AMS font definitions
)
LaTeX Font Info:    Try loading font information for U+msb on input line 21.

(/sw/share/texmf-dist/tex/latex/amsfonts/umsb.fd
File: umsb.fd 2002/01/19 v2.2g AMS font definitions
)

LaTeX Warning: No \author given.


Package xcolor Warning: Incompatible color definition on input line 40.


Package xcolor Warning: Incompatible color definition on input line 40.


Package xcolor Warning: Incompatible color definition on input line 40.

[1

]

Package xcolor Warning: Incompatible color definition on input line 102.


Package xcolor Warning: Incompatible color definition on input line 102.


Package xcolor Warning: Incompatible color definition on input line 102.


Package xcolor Warning: Incompatible color definition on input line 102.

LaTeX Font Info:    Try loading font information for OMS+cmr on input line 102.

(/sw/share/texmf-dist/tex/latex/base/omscmr.fd
File: omscmr.fd 1999/05/25 v2.5h Standard LaTeX font definitions
)
LaTeX Font Info:    Font shape `OMS/cmr/m/n' in size <12> not available
(Font)              Font shape `OMS/cmsy/m/n' tried instead on input line 102.


Package xcolor Warning: Incompatible color definition on input line 102.


Package xcolor Warning: Incompatible color definition on input line 103.


Package xcolor Warning: Incompatible color definition on input line 104.


Package xcolor Warning: Incompatible color definition on input line 105.


Package xcolor Warning: Incompatible color definition on input line 107.


Package xcolor Warning: Incompatible color definition on input line 107.


Package xcolor Warning: Incompatible color definition on input line 108.

[2]

Package xcolor Warning: Incompatible color definition on input line 110.


Package xcolor Warning: Incompatible color definition on input line 110.


Package xcolor Warning: Incompatible color definition on input line 110.


Package xcolor Warning: Incompatible color definition on input line 110.


Package xcolor Warning: Incompatible color definition on input line 110.


Package xcolor Warning: Incompatible color definition on input line 111.


Package xcolor Warning: Incompatible color definition on input line 112.


Package xcolor Warning: Incompatible color definition on input line 113.


Package xcolor Warning: Incompatible color definition on input line 115.


Package xcolor Warning: Incompatible color definition on input line 115.


Package xcolor Warning: Incompatible color definition on input line 116.


Package xcolor Warning: Incompatible color definition on input line 118.


Package xcolor Warning: Incompatible color definition on input line 118.


Package xcolor Warning: Incompatible color definition on input line 119.


Package xcolor Warning: Incompatible color definition on input line 121.


Package xcolor Warning: Incompatible color definition on input line 121.


Package xcolor Warning: Incompatible color definition on input line 122.


Package xcolor Warning: Incompatible color definition on input line 159.


Package xcolor Warning: Incompatible color definition on input line 159.


Package xcolor Warning: Incompatible color definition on input line 165.


Package xcolor Warning: Incompatible color definition on input line 165.


Package xcolor Warning: Incompatible color definition on input line 166.


Package xcolor Warning: Incompatible color definition on input line 166.

[3]

Package xcolor Warning: Incompatible color definition on input line 168.


Package xcolor Warning: Incompatible color definition on input line 171.


Package xcolor Warning: Incompatible color definition on input line 172.


Package xcolor Warning: Incompatible color definition on input line 172.


Package xcolor Warning: Incompatible color definition on input line 173.


Package xcolor Warning: Incompatible color definition on input line 210.


Package xcolor Warning: Incompatible color definition on input line 211.


Package xcolor Warning: Incompatible color definition on input line 211.


Package xcolor Warning: Incompatible color definition on input line 212.


Package xcolor Warning: Incompatible color definition on input line 212.


Package xcolor Warning: Incompatible color definition on input line 212.


Package xcolor Warning: Incompatible color definition on input line 212.


Package xcolor Warning: Incompatible color definition on input line 213.


Package xcolor Warning: Incompatible color definition on input line 214.


Package xcolor Warning: Incompatible color definition on input line 215.


Package xcolor Warning: Incompatible color definition on input line 216.

[4] [5] (./20041111.aux) ) 
Here is how much of TeX's memory you used:
 3075 strings out of 94501
 37795 string characters out of 1176138
 107938 words of memory out of 1000000
 6206 multiletter control sequences out of 10000+50000
 13352 words of font info for 52 fonts, out of 500000 for 2000
 580 hyphenation exceptions out of 1000
 36i,10n,42p,219b,673s stack positions out of 1500i,500n,5000p,200000b,5000s

Output written on 20041111.dvi (5 pages, 18020 bytes).
