This is pdfeTeX, Version 3.141592-1.21a-2.2 (Web2C 7.5.4) (format=latex 2005.3.3)  26 APR 2005 19:59
entering extended mode
**20041125.tex
(./20041125.tex
LaTeX2e <2003/12/01>
Babel <v3.8d> and hyphenation patterns for american, french, german, ngerman, b
ahasa, basque, bulgarian, catalan, croatian, czech, danish, dutch, esperanto, e
stonian, finnish, greek, icelandic, irish, italian, latin, magyar, norsk, polis
h, portuges, romanian, russian, serbian, slovak, slovene, spanish, swedish, tur
kish, ukrainian, nohyphenation, loaded.
(/sw/share/texmf-dist/tex/latex/base/article.cls
Document Class: article 2004/02/16 v1.4f Standard LaTeX document class
(/sw/share/texmf-dist/tex/latex/base/size12.clo
File: size12.clo 2004/02/16 v1.4f Standard LaTeX file (size option)
)
\c@part=\count79
\c@section=\count80
\c@subsection=\count81
\c@subsubsection=\count82
\c@paragraph=\count83
\c@subparagraph=\count84
\c@figure=\count85
\c@table=\count86
\abovecaptionskip=\skip41
\belowcaptionskip=\skip42
\bibindent=\dimen102
)
(/sw/share/texmf-dist/tex/latex/amsfonts/amssymb.sty
Package: amssymb 2002/01/22 v2.2d

(/sw/share/texmf-dist/tex/latex/amsfonts/amsfonts.sty
Package: amsfonts 2001/10/25 v2.2f
\@emptytoks=\toks14
\symAMSa=\mathgroup4
\symAMSb=\mathgroup5
LaTeX Font Info:    Overwriting math alphabet `\mathfrak' in version `bold'
(Font)                  U/euf/m/n --> U/euf/b/n on input line 132.
))
(/sw/share/texmf-dist/tex/latex/graphics/color.sty
Package: color 1999/02/16 v1.0i Standard LaTeX Color (DPC)

(/sw/share/texmf-dist/tex/latex/graphics/color.cfg
File: color.cfg 2005/02/03 v1.3 color configuration of teTeX/TeXLive
)
Package color Info: Driver file: dvips.def on input line 125.

(/sw/share/texmf-dist/tex/latex/graphics/dvips.def
File: dvips.def 1999/02/16 v3.0i Driver-dependant file (DPC,SPQR)
)
(/sw/share/texmf-dist/tex/latex/graphics/dvipsnam.def
File: dvipsnam.def 1999/02/16 v3.0i Driver-dependant file (DPC,SPQR)
))
(/sw/share/texmf-dist/tex/generic/xypic/xy.sty
(/sw/share/texmf-dist/tex/generic/xypic/xy.tex Bootstrap'ing: catcodes,
docmode, (/sw/share/texmf-dist/tex/generic/xypic/xyrecat.tex)
(/sw/share/texmf-dist/tex/generic/xypic/xyidioms.tex)

 Xy-pic version 3.7 <1999/02/16>
 Copyright (c) 1991-1998 by Kristoffer H. Rose <krisrose@ens-lyon.fr>
 Xy-pic is free software: see the User's Guide for details.

Loading kernel: messages; fonts; allocations: state,
\X@c=\dimen103
\Y@c=\dimen104
\U@c=\dimen105
\D@c=\dimen106
\L@c=\dimen107
\R@c=\dimen108
\Edge@c=\toks15
\X@p=\dimen109
\Y@p=\dimen110
\U@p=\dimen111
\D@p=\dimen112
\L@p=\dimen113
\R@p=\dimen114
\Edge@p=\toks16
\X@origin=\dimen115
\Y@origin=\dimen116
\X@xbase=\dimen117
\Y@xbase=\dimen118
\X@ybase=\dimen119
\Y@ybase=\dimen120
\X@min=\dimen121
\Y@min=\dimen122
\X@max=\dimen123
\Y@max=\dimen124
\lastobjectbox@=\box26
\zerodotbox@=\box27
\almostz@=\dimen125
 direction,
\d@X=\dimen126
\d@Y=\dimen127
\K@=\count87
\KK@=\count88
\Direction=\count89
\K@dXdY=\dimen128
\K@dYdX=\dimen129
\xyread@=\read1
\xywrite@=\write3
\csp@=\count90
\quotPTK@=\dimen130

utility macros; pictures: \xy, positions,
\swaptoks@@=\toks17
\connectobjectbox@@=\box28
 objects,
\styletoks@=\toks18
 decorations;
kernel objects: directionals, circles, text; options; algorithms: directions,
edges, connections;  Xy-pic loaded)
Package: xy 1999/02/16 Xy-pic version 3.7

(/sw/share/texmf-dist/tex/generic/xypic/xyarc.tex
 Xy-pic option: Circle, Ellipse, Arc feature v.3.4
(/sw/share/texmf-dist/tex/generic/xypic/xycurve.tex
 Xy-pic option: Curve and Spline extension v.3.7 curve,
\crv@cnt@=\count91
\crvpts@=\toks19
\splinebox@=\box29
\splineval@=\dimen131
\splinedepth@=\dimen132
\splinetol@=\dimen133
\splinelength@=\dimen134
 circles,
\L@=\dimen135
 loaded)
circles, ellipses, elliptical arcs, loaded)
(/sw/share/texmf-dist/tex/generic/xypic/xypoly.tex
 Xy-pic option: Polygon feature v.3.7
(/sw/share/texmf-dist/tex/generic/xypic/xyarrow.tex
 Xy-pic option: Arrow and Path feature v.3.5 path, \ar, loaded) polygons,
\xypolynode@=\count92

loaded) (/sw/share/texmf-dist/tex/generic/xypic/xyall.tex
 Xy-pic option: All features v.3.3
(/sw/share/texmf-dist/tex/generic/xypic/xyframe.tex
 Xy-pic option: Frame and Bracket extension v.3.7 loaded)
(/sw/share/texmf-dist/tex/generic/xypic/xycmtip.tex
 Xy-pic option: Computer Modern tip extension v.3.3
(/sw/share/texmf-dist/tex/generic/xypic/xytips.tex
 Xy-pic option: More Tips extension v.3.3 loaded) loaded)
(/sw/share/texmf-dist/tex/generic/xypic/xyline.tex
 Xy-pic option: Line styles extension v.3.6
\xylinethick@=\dimen136
 loaded)
(/sw/share/texmf-dist/tex/generic/xypic/xyrotate.tex
 Xy-pic option: Rotate and Scale extension v.3.3 loaded)
(/sw/share/texmf-dist/tex/generic/xypic/xycolor.tex
 Xy-pic option: Colour extension v.3.3 loaded)
(/sw/share/texmf-dist/tex/generic/xypic/xymatrix.tex
 Xy-pic option: Matrix feature v.3.4
\Row=\count93
\Col=\count94
\queue@=\toks20
\queue@@=\toks21
\qcount@=\count95
\qcount@@=\count96
\matrixsize@=\count97
 loaded)
(/sw/share/texmf-dist/tex/generic/xypic/xygraph.tex
 Xy-pic option: Graph feature v.3.7 loaded) loaded))
(/sw/share/texmf-dist/tex/latex/pstricks/pst-all.sty
Package: pst-all 2004/05/06 the main pstricks tools

(/sw/share/texmf-dist/tex/latex/pstricks/pstricks.sty
Package: pstricks 2004/05/12 v0.2l LaTeX wrapper for `PSTricks' (RN,HV)

(/sw/share/texmf-dist/tex/generic/pstricks/pstricks.tex
`PSTricks' v1.04  <2004/06/22> (tvz)
\pst@dima=\dimen137
\pst@dimb=\dimen138
\pst@dimc=\dimen139
\pst@dimd=\dimen140
\pst@dimg=\dimen141
\pst@dimh=\dimen142
\pst@hbox=\box30
\pst@boxg=\box31
\pst@cnta=\count98
\pst@cntb=\count99
\pst@cntc=\count100
\pst@cntd=\count101
\pst@cntg=\count102
\pst@cnth=\count103
\pst@toks=\toks22
(/sw/share/texmf-dist/tex/generic/pstricks/pstricks.con)
\psunit=\dimen143
\psxunit=\dimen144
\psyunit=\dimen145
\pslinewidth=\dimen146
\pst@customdefs=\toks23
\pslinearc=\dimen147
\everypsbox=\toks24
\psframesep=\dimen148
\pslabelsep=\dimen149
\theoverlaybox=\box32
)
File: pstricks.tex 2004/06/22 v1.04 `PSTricks' (tvz)

(/sw/share/texmf-dist/tex/latex/xcolor/xcolor.sty
Package: xcolor 2004/07/04 v2.00 LaTeX color extensions (UK)

(/sw/share/texmf-dist/tex/latex/graphics/color.cfg
File: color.cfg 2005/02/03 v1.3 color configuration of teTeX/TeXLive
)
Package xcolor Info: Package option `override' ignored on input line 128.
Package xcolor Info: Driver file: dvips.def on input line 136.
LaTeX Info: Redefining \color on input line 494.
Package xcolor Info: Color model `cmy' added on input line 972.
Package xcolor Info: Color model `HTML' added on input line 1000.
Package xcolor Info: Color model `HSB' added on input line 1006.
Package xcolor Info: Color model `Gray' added on input line 1012.
))
(/sw/share/texmf-dist/tex/latex/pstricks/pst-grad.sty
Package: pst-grad 2004/07/15 package wrapper for pst-grad.tex

(/sw/share/texmf-dist/tex/generic/pstricks/pst-grad.tex  v1.04, 2004/06/24)
File: pst-grad.tex 2004/06/24 1.04 `pst-grad' (tvz)
)
(/sw/share/texmf-dist/tex/latex/pstricks/pst-plot.sty
Package: pst-plot 2004/07/15 package wrapper for pst-plot.tex

(/sw/share/texmf-dist/tex/generic/pstricks/pst-plot.tex
 v97 patch 2, 1999/12/12 (/sw/share/texmf-dist/tex/generic/multido/multido.tex
 v1.41, 2004/05/18 <tvz>
\multido@count=\count104
\multidocount=\count105
\multido@stuff=\toks25
))
File: pst-plot.tex 2004/05/18 1.41 `pst-plot' (tvz)
)
(/sw/share/texmf-dist/tex/latex/pstricks/pst-coil.sty
Package: pst-coil 2004/07/15 package wrapper for pst-coil.tex

(/sw/share/texmf-dist/tex/generic/pstricks/pst-coil.tex
 v97 patch 2, 1998/03/19)
File: pst-coil.tex 1998/03/19 v97 patch 2 `pst-coil' (tvz)
)
(/sw/share/texmf-dist/tex/latex/pstricks/pst-text.sty
Package: pst-text 2004/07/15 package wrapper for pst-text.tex

(/sw/share/texmf-dist/tex/generic/pstricks/pst-text.tex  v97, 1997/03/25)
File: pst-text.tex 1997/03/25 97 `pst-text' (tvz)
)
(/sw/share/texmf-dist/tex/latex/pstricks/pst-char.sty
Package: pst-char 2004/07/15 package wrapper for pst-char.tex

(/sw/share/texmf-dist/tex/generic/pstricks/pst-char.tex
 v97 patch 3, 1999/03/11)
File: pst-char.tex 1999/03/11 97 patch 3 `pst-char' (tvz)
)
(/sw/share/texmf-dist/tex/latex/pstricks/pst-node.sty
Package: pst-node 2004/07/15 package wrapper for pst-node.tex

(/sw/share/texmf-dist/tex/generic/pstricks/pst-node.tex
 v97 patch 11, 2000/11/09
\psrow=\count106
\pscol=\count107
\psmatrixcnt=\count108
\psrowsep=\skip43
\pscolsep=\skip44
)
File: pst-node.tex 2000/11/09 97 patch 11 `pst-node' (tvz)
) (/sw/share/texmf-dist/tex/latex/pstricks/pst-3d.sty
Package: pst-3d 2004/07/15 package wrapper for pst-3d.tex
(/sw/share/texmf-dist/tex/generic/pstricks/pst-3d.tex  v97, 1997/03/25)
File: pst-3d.tex 1997/03/25 97 `pst-3d' (tvz)
)
(/sw/share/texmf-dist/tex/latex/pstricks/pst-eps.sty
Package: pst-eps 2004/07/15 package wrapper for pst-eps.tex

(/sw/share/texmf-dist/tex/generic/pstricks/pst-eps.tex
 v97 patch 1, 1997/05/05
\pst@epsout=\write4
\pst@tempout=\write5
)
File: pst-eps.tex 1997/05/05 97 patch 1 `pst-eps' (tvz)
)
(/sw/share/texmf-dist/tex/latex/pstricks/pst-fill.sty
Package: pst-fill 2004/07/15 package wrapper for pst-fill.tex

(/sw/share/texmf-dist/tex/generic/pstricks/pst-fill.tex
 v97 patch 4, 2004/08/18
\pst@fillbox=\box33
)
File: pst-fill.tex 2004/08/18 97 patch 4 `pst-fill' (tvz)
)
(/sw/share/texmf-dist/tex/latex/pstricks/pst-tree.sty
Package: pst-tree 2004/07/15 package wrapper for pst-tree.tex

(/sw/share/texmf-dist/tex/generic/pstricks/pst-tree.tex
 v97 patch 6, 2004/07/24
\pstree@rootbox=\box34
\pstree@box=\box35
\psnodecnt=\count109
\pstreelevel=\count110
\pstreecnt=\count111
\pstree@cnt=\count112
\pstree@stop=\count113
)
File: pst-tree.tex 2004/07/24 97 patch 6 `pst-tree' (tvz)
)
(/sw/share/texmf-dist/tex/generic/multido/multido.sty
Package: multido 2004/05/17 package wrapper for PSTricks `multido.tex', (HV/RN)

)) (./20041125.aux)
\openout1 = `20041125.aux'.

LaTeX Font Info:    Checking defaults for OML/cmm/m/it on input line 18.
LaTeX Font Info:    ... okay on input line 18.
LaTeX Font Info:    Checking defaults for T1/cmr/m/n on input line 18.
LaTeX Font Info:    ... okay on input line 18.
LaTeX Font Info:    Checking defaults for OT1/cmr/m/n on input line 18.
LaTeX Font Info:    ... okay on input line 18.
LaTeX Font Info:    Checking defaults for OMS/cmsy/m/n on input line 18.
LaTeX Font Info:    ... okay on input line 18.
LaTeX Font Info:    Checking defaults for OMX/cmex/m/n on input line 18.
LaTeX Font Info:    ... okay on input line 18.
LaTeX Font Info:    Checking defaults for U/cmr/m/n on input line 18.
LaTeX Font Info:    ... okay on input line 18.
LaTeX Font Info:    Try loading font information for U+msa on input line 22.

(/sw/share/texmf-dist/tex/latex/amsfonts/umsa.fd
File: umsa.fd 2002/01/19 v2.2g AMS font definitions
)
LaTeX Font Info:    Try loading font information for U+msb on input line 22.

(/sw/share/texmf-dist/tex/latex/amsfonts/umsb.fd
File: umsb.fd 2002/01/19 v2.2g AMS font definitions
)

LaTeX Warning: No \author given.


Package xcolor Warning: Incompatible color definition on input line 59.


Package xcolor Warning: Incompatible color definition on input line 59.


Package xcolor Warning: Incompatible color definition on input line 59.

LaTeX Font Info:    Try loading font information for OMS+cmr on input line 59.
(/sw/share/texmf-dist/tex/latex/base/omscmr.fd
File: omscmr.fd 1999/05/25 v2.5h Standard LaTeX font definitions
)
LaTeX Font Info:    Font shape `OMS/cmr/m/n' in size <12> not available
(Font)              Font shape `OMS/cmsy/m/n' tried instead on input line 59.


Package xcolor Warning: Incompatible color definition on input line 59.


Package xcolor Warning: Incompatible color definition on input line 60.


Package xcolor Warning: Incompatible color definition on input line 60.


Package xcolor Warning: Incompatible color definition on input line 60.


Package xcolor Warning: Incompatible color definition on input line 61.


Package xcolor Warning: Incompatible color definition on input line 61.


Package xcolor Warning: Incompatible color definition on input line 61.


Package xcolor Warning: Incompatible color definition on input line 62.


Package xcolor Warning: Incompatible color definition on input line 62.


Package xcolor Warning: Incompatible color definition on input line 62.


Package xcolor Warning: Incompatible color definition on input line 63.


Package xcolor Warning: Incompatible color definition on input line 63.


Package xcolor Warning: Incompatible color definition on input line 63.


Package xcolor Warning: Incompatible color definition on input line 64.


Package xcolor Warning: Incompatible color definition on input line 64.


Package xcolor Warning: Incompatible color definition on input line 64.


Package xcolor Warning: Incompatible color definition on input line 64.


Package xcolor Warning: Incompatible color definition on input line 64.


Package xcolor Warning: Incompatible color definition on input line 65.


Package xcolor Warning: Incompatible color definition on input line 65.


Package xcolor Warning: Incompatible color definition on input line 65.


Package xcolor Warning: Incompatible color definition on input line 66.


Package xcolor Warning: Incompatible color definition on input line 66.


Package xcolor Warning: Incompatible color definition on input line 66.


Package xcolor Warning: Incompatible color definition on input line 67.


Package xcolor Warning: Incompatible color definition on input line 67.


Package xcolor Warning: Incompatible color definition on input line 67.


Package xcolor Warning: Incompatible color definition on input line 68.


Package xcolor Warning: Incompatible color definition on input line 68.


Package xcolor Warning: Incompatible color definition on input line 68.


Package xcolor Warning: Incompatible color definition on input line 68.


Package xcolor Warning: Incompatible color definition on input line 68.


Package xcolor Warning: Incompatible color definition on input line 69.


Package xcolor Warning: Incompatible color definition on input line 69.


Package xcolor Warning: Incompatible color definition on input line 69.


Package xcolor Warning: Incompatible color definition on input line 70.


Package xcolor Warning: Incompatible color definition on input line 70.


Package xcolor Warning: Incompatible color definition on input line 70.


Package xcolor Warning: Incompatible color definition on input line 71.


Package xcolor Warning: Incompatible color definition on input line 71.


Package xcolor Warning: Incompatible color definition on input line 71.


Package xcolor Warning: Incompatible color definition on input line 72.

[1

]

Package xcolor Warning: Incompatible color definition on input line 95.


Package xcolor Warning: Incompatible color definition on input line 95.


Package xcolor Warning: Incompatible color definition on input line 99.


Package xcolor Warning: Incompatible color definition on input line 99.


Package xcolor Warning: Incompatible color definition on input line 100.

[2]

Package xcolor Warning: Incompatible color definition on input line 103.


Package xcolor Warning: Incompatible color definition on input line 103.


Package xcolor Warning: Incompatible color definition on input line 103.


Package xcolor Warning: Incompatible color definition on input line 103.


Package xcolor Warning: Incompatible color definition on input line 104.


Package xcolor Warning: Incompatible color definition on input line 104.


Package xcolor Warning: Incompatible color definition on input line 104.


Package xcolor Warning: Incompatible color definition on input line 105.


Package xcolor Warning: Incompatible color definition on input line 105.


Package xcolor Warning: Incompatible color definition on input line 105.


Package xcolor Warning: Incompatible color definition on input line 106.


Package xcolor Warning: Incompatible color definition on input line 106.


Package xcolor Warning: Incompatible color definition on input line 106.


Package xcolor Warning: Incompatible color definition on input line 107.


Package xcolor Warning: Incompatible color definition on input line 107.


Package xcolor Warning: Incompatible color definition on input line 107.


Package xcolor Warning: Incompatible color definition on input line 108.


Package xcolor Warning: Incompatible color definition on input line 108.


Package xcolor Warning: Incompatible color definition on input line 108.


Package xcolor Warning: Incompatible color definition on input line 109.


Package xcolor Warning: Incompatible color definition on input line 109.


Package xcolor Warning: Incompatible color definition on input line 109.


Package xcolor Warning: Incompatible color definition on input line 109.


Package xcolor Warning: Incompatible color definition on input line 109.


Package xcolor Warning: Incompatible color definition on input line 110.


Package xcolor Warning: Incompatible color definition on input line 110.


Package xcolor Warning: Incompatible color definition on input line 110.


Package xcolor Warning: Incompatible color definition on input line 111.


Package xcolor Warning: Incompatible color definition on input line 111.


Package xcolor Warning: Incompatible color definition on input line 111.


Package xcolor Warning: Incompatible color definition on input line 112.


Package xcolor Warning: Incompatible color definition on input line 112.


Package xcolor Warning: Incompatible color definition on input line 112.


Package xcolor Warning: Incompatible color definition on input line 113.


Package xcolor Warning: Incompatible color definition on input line 113.


Package xcolor Warning: Incompatible color definition on input line 113.


Package xcolor Warning: Incompatible color definition on input line 114.


Package xcolor Warning: Incompatible color definition on input line 114.


Package xcolor Warning: Incompatible color definition on input line 114.


Package xcolor Warning: Incompatible color definition on input line 114.


Package xcolor Warning: Incompatible color definition on input line 114.


Package xcolor Warning: Incompatible color definition on input line 115.


Package xcolor Warning: Incompatible color definition on input line 115.


Package xcolor Warning: Incompatible color definition on input line 115.


Package xcolor Warning: Incompatible color definition on input line 116.


Package xcolor Warning: Incompatible color definition on input line 116.


Package xcolor Warning: Incompatible color definition on input line 116.


Package xcolor Warning: Incompatible color definition on input line 117.


Package xcolor Warning: Incompatible color definition on input line 117.


Package xcolor Warning: Incompatible color definition on input line 117.


Package xcolor Warning: Incompatible color definition on input line 118.


Package xcolor Warning: Incompatible color definition on input line 118.


Package xcolor Warning: Incompatible color definition on input line 118.


Package xcolor Warning: Incompatible color definition on input line 119.


Package xcolor Warning: Incompatible color definition on input line 120.


Package xcolor Warning: Incompatible color definition on input line 120.


Package xcolor Warning: Incompatible color definition on input line 120.


Package xcolor Warning: Incompatible color definition on input line 123.


Package xcolor Warning: Incompatible color definition on input line 123.


Package xcolor Warning: Incompatible color definition on input line 124.


Package xcolor Warning: Incompatible color definition on input line 124.


Package xcolor Warning: Incompatible color definition on input line 125.


Package xcolor Warning: Incompatible color definition on input line 126.


Package xcolor Warning: Incompatible color definition on input line 149.


Package xcolor Warning: Incompatible color definition on input line 149.

[3]

Package xcolor Warning: Incompatible color definition on input line 172.


Package xcolor Warning: Incompatible color definition on input line 172.


Package xcolor Warning: Incompatible color definition on input line 172.


Package xcolor Warning: Incompatible color definition on input line 173.


Package xcolor Warning: Incompatible color definition on input line 173.


Package xcolor Warning: Incompatible color definition on input line 173.


Package xcolor Warning: Incompatible color definition on input line 174.


Package xcolor Warning: Incompatible color definition on input line 174.


Package xcolor Warning: Incompatible color definition on input line 174.


Package xcolor Warning: Incompatible color definition on input line 175.


Package xcolor Warning: Incompatible color definition on input line 175.


Package xcolor Warning: Incompatible color definition on input line 175.


Package xcolor Warning: Incompatible color definition on input line 175.


Package xcolor Warning: Incompatible color definition on input line 175.


Package xcolor Warning: Incompatible color definition on input line 176.


Package xcolor Warning: Incompatible color definition on input line 176.


Package xcolor Warning: Incompatible color definition on input line 176.


Package xcolor Warning: Incompatible color definition on input line 177.


Package xcolor Warning: Incompatible color definition on input line 177.


Package xcolor Warning: Incompatible color definition on input line 177.


Package xcolor Warning: Incompatible color definition on input line 178.


Package xcolor Warning: Incompatible color definition on input line 178.


Package xcolor Warning: Incompatible color definition on input line 178.


Package xcolor Warning: Incompatible color definition on input line 179.


Package xcolor Warning: Incompatible color definition on input line 179.


Package xcolor Warning: Incompatible color definition on input line 179.


Package xcolor Warning: Incompatible color definition on input line 180.


Package xcolor Warning: Incompatible color definition on input line 181.


Package xcolor Warning: Incompatible color definition on input line 181.


Package xcolor Warning: Incompatible color definition on input line 181.

[4] [5] (./20041125.aux) ) 
Here is how much of TeX's memory you used:
 5449 strings out of 94501
 66473 string characters out of 1176138
 186318 words of memory out of 1000000
 8523 multiletter control sequences out of 10000+50000
 14188 words of font info for 58 fonts, out of 500000 for 2000
 580 hyphenation exceptions out of 1000
 36i,8n,42p,212b,495s stack positions out of 1500i,500n,5000p,200000b,5000s

Output written on 20041125.dvi (5 pages, 25364 bytes).
