This is pdfeTeX, Version 3.141592-1.21a-2.2 (Web2C 7.5.4) (format=latex 2005.10.26)  4 NOV 2005 11:11
entering extended mode
**MooresLaw.tex
(./MooresLaw.tex
LaTeX2e <2003/12/01>
Babel <v3.8d> and hyphenation patterns for american, french, german, ngerman, b
ahasa, basque, bulgarian, catalan, croatian, czech, danish, dutch, esperanto, e
stonian, finnish, greek, icelandic, irish, italian, latin, magyar, norsk, polis
h, portuges, romanian, russian, serbian, slovak, slovene, spanish, swedish, tur
kish, ukrainian, nohyphenation, loaded.
(/sw/share/texmf-dist/tex/latex/base/article.cls
Document Class: article 2004/02/16 v1.4f Standard LaTeX document class
(/sw/share/texmf-dist/tex/latex/base/size12.clo
File: size12.clo 2004/02/16 v1.4f Standard LaTeX file (size option)
)
\c@part=\count79
\c@section=\count80
\c@subsection=\count81
\c@subsubsection=\count82
\c@paragraph=\count83
\c@subparagraph=\count84
\c@figure=\count85
\c@table=\count86
\abovecaptionskip=\skip41
\belowcaptionskip=\skip42
\bibindent=\dimen102
) (./MooresLaw.aux)
\openout1 = `MooresLaw.aux'.

LaTeX Font Info:    Checking defaults for OML/cmm/m/it on input line 8.
LaTeX Font Info:    ... okay on input line 8.
LaTeX Font Info:    Checking defaults for T1/cmr/m/n on input line 8.
LaTeX Font Info:    ... okay on input line 8.
LaTeX Font Info:    Checking defaults for OT1/cmr/m/n on input line 8.
LaTeX Font Info:    ... okay on input line 8.
LaTeX Font Info:    Checking defaults for OMS/cmsy/m/n on input line 8.
LaTeX Font Info:    ... okay on input line 8.
LaTeX Font Info:    Checking defaults for OMX/cmex/m/n on input line 8.
LaTeX Font Info:    ... okay on input line 8.
LaTeX Font Info:    Checking defaults for U/cmr/m/n on input line 8.
LaTeX Font Info:    ... okay on input line 8.
LaTeX Font Info:    External font `cmex10' loaded for size
(Font)              <14.4> on input line 18.
LaTeX Font Info:    External font `cmex10' loaded for size
(Font)              <7> on input line 18.
 [1

]
[2] [3] [4]
LaTeX Font Info:    External font `cmex10' loaded for size
(Font)              <12> on input line 216.
LaTeX Font Info:    External font `cmex10' loaded for size
(Font)              <8> on input line 216.
LaTeX Font Info:    External font `cmex10' loaded for size
(Font)              <6> on input line 216.
 [5] (./MooresLaw.bbl
! Missing $ inserted.
<inserted text> 
                $
l.8 _
     Moore\_1965\_Article.pdf.
? 
! Missing $ inserted.
<inserted text> 
                $
l.9 
    
? 
! Missing } inserted.
<inserted text> 
                }
l.9 
    
? 

Underfull \hbox (badness 10000) in paragraph at lines 4--9
[]\OT1/cmr/m/n/12 G. E. Moore, ``Cram-ming more com-po-nents onto in-
 []


Underfull \hbox (badness 10000) in paragraph at lines 4--9
\OT1/cmr/m/n/12 te-grated cir-cuits,'' \OT1/cmr/m/it/12 Elec-ton-ics Mag-a-zine
\OT1/cmr/m/n/12 , 19-04-1965.
 []


Underfull \hbox (badness 10000) in paragraph at lines 4--9
\OT1/cmr/m/n/12 ftp://download.intel.com/museum/Moores[]Law/Articles-
 []

! Extra }, or forgotten \endgroup.
\par ...m \@noitemerr {\@@par }\fi \else {\@@par }
                                                  \fi 
l.9 
    
? 

Underfull \hbox (badness 3884) in paragraph at lines 16--19
[]\OT1/cmr/m/n/12 F. V. Reed, ``Mi-cro-pro-ces-sor Re-search Aims At Shat-ter-i
ng Speed
 []


Underfull \hbox (badness 10000) in paragraph at lines 16--19
\OT1/cmr/m/n/12 Records,'' \OT1/cmr/m/it/12 Sig-nal - AFCEA's In-ter-na-tional 
Jour-nal\OT1/cmr/m/n/12 , 1-1999.
 []


Underfull \hbox (badness 10000) in paragraph at lines 31--33
[]\OT1/cmr/m/n/12 C. Svens-son, ``In-tro-duc-tion to VLSI,'' 2001.
 []


Underfull \hbox (badness 4132) in paragraph at lines 35--39
[]\OT1/cmr/m/n/12 S. G. S. M. Wo-j-ciech Maly, Charles Ouyang, ``De-tec-tion of
 an
 []


Underfull \hbox (badness 4467) in paragraph at lines 35--39
\OT1/cmr/m/n/12 An-tenna Ef-fect in VLSI De-signs, De-fect and Fault Tol-er-anc
e in
 []


Underfull \hbox (badness 10000) in paragraph at lines 35--39
\OT1/cmr/m/n/12 VLSI Sys-tems,'' \OT1/cmr/m/it/12 1996 IEEE In-ter-na-tional Sy
m-po-sium\OT1/cmr/m/n/12 , 6-11-1996.
 []


Underfull \hbox (badness 10000) in paragraph at lines 41--46
[]\OT1/cmr/m/n/12 S.-J. C. Tsung-Yi Ho, Yao-Wen Chang, ``Mul-ti-level
 []


Underfull \hbox (badness 10000) in paragraph at lines 41--46
\OT1/cmr/m/n/12 rout-ing with an-tenna avoid-ance,'' \OT1/cmr/m/it/12 ACM Press
\OT1/cmr/m/n/12 , 25-10-
 []


Underfull \hbox (badness 10000) in paragraph at lines 41--46
\OT1/cmr/m/n/12 2004.  http://delivery.acm.org/10.1145/990000/981074/p34-
 []


Overfull \hbox (170.62688pt too wide) in paragraph at lines 41--46
\OT1/cmr/m/n/12 ho.pdf?key1=981074&key2=0889601311&coll=GUIDE&dl=ACM&CFID=59253
528&CFTOKEN=17682615. 
 []


Underfull \hbox (badness 10000) in paragraph at lines 48--53
[]\OT1/cmr/m/n/12 M. Kanel-los, ``In-tel sci-en-tists find wall for
 []


Underfull \hbox (badness 10000) in paragraph at lines 48--53
\OT1/cmr/m/n/12 Moore's Law,'' \OT1/cmr/m/it/12 C|net News.com\OT1/cmr/m/n/12 ,
 1-12-2003.
 []


Underfull \hbox (badness 10000) in paragraph at lines 48--53
\OT1/cmr/m/n/12 http://news.com.com/Intel+scientists+find+wall+for+Moores+Law/2
100-
 []

[6]
Underfull \hbox (badness 10000) in paragraph at lines 63--69
[]\OT1/cmr/m/n/12 K. K. D. K. H. M. S. P. J. R. Shekhar Borkar,
 []


Underfull \hbox (badness 10000) in paragraph at lines 63--69
\OT1/cmr/m/n/12 Pradeep Dubey, ``Plat-form 2015: In-tel Pro-ces-sor and Plat-
 []


Underfull \hbox (badness 6825) in paragraph at lines 63--69
\OT1/cmr/m/n/12 form Evo-lu-tion for the Next Decade,'' \OT1/cmr/m/it/12 In-tel
 Whitepa-pers\OT1/cmr/m/n/12 , 2005.
 []


Overfull \hbox (145.42027pt too wide) in paragraph at lines 63--69
\OT1/cmr/m/n/12 ftp://download.intel.com/technology/computing/archinnov/platfor
m2015/download/Platform[]2015.pdf. 
 []


Underfull \hbox (badness 10000) in paragraph at lines 71--75
[]\OT1/cmr/m/n/12 Unknown, ``In-tel sil-i-con brochure,'' \OT1/cmr/m/it/12 In-t
el Press Re-leases\OT1/cmr/m/n/12 , 2005.
 []


Overfull \hbox (77.22736pt too wide) in paragraph at lines 71--75
\OT1/cmr/m/n/12 ftp://download.intel.com/technology/silicon/mooreslaw/download/
silicon[]brochure[]05.pdf. 
 []


Underfull \hbox (badness 1655) in paragraph at lines 77--82
[]\OT1/cmr/m/n/12 J. L. P. J. Z. M. R. S. D. W. A. H. R. A. W. Paul G. Piva,
 []


Underfull \hbox (badness 10000) in paragraph at lines 77--82
\OT1/cmr/m/n/12 Gino A. Di-L-abio, ``Field Reg-u-la-tion of Sin-gle Molecule Co
n-
 []


Underfull \hbox (badness 10000) in paragraph at lines 77--82
\OT1/cmr/m/n/12 duc-tiv-ity by a Charged Sur-face Atom,'' \OT1/cmr/m/it/12 Na-t
ure\OT1/cmr/m/n/12 , 2-06-2005.
 []


Overfull \hbox (1.33621pt too wide) in paragraph at lines 77--82
\OT1/cmr/m/n/12 http://www.nature.com/nature/journal/v435/n7042/full/nature0356
3.html. 
 []

) [7] (./MooresLaw.aux) ) 
Here is how much of TeX's memory you used:
 251 strings out of 94501
 2600 string characters out of 1176136
 51348 words of memory out of 1000000
 3492 multiletter control sequences out of 10000+50000
 8541 words of font info for 30 fonts, out of 500000 for 2000
 580 hyphenation exceptions out of 1000
 22i,6n,19p,139b,198s stack positions out of 1500i,500n,5000p,200000b,5000s

Output written on MooresLaw.dvi (7 pages, 18044 bytes).
