This is e-TeX, Version 3.14159-2.1 (Web2C 7.4.5) (format=latex 2005.4.17)  9 MAY 2005 17:55
entering extended mode
**BusinessPlan.tex
(./BusinessPlan.tex
LaTeX2e <2001/06/01>
Babel <v3.7h> and hyphenation patterns for american, french, ngerman, nohyphena
tion, loaded.
(/usr/share/texmf/tex/latex/base/article.cls
Document Class: article 2001/04/21 v1.4e Standard LaTeX document class
(/usr/share/texmf/tex/latex/base/size12.clo
File: size12.clo 2001/04/21 v1.4e Standard LaTeX file (size option)
)
\c@part=\count79
\c@section=\count80
\c@subsection=\count81
\c@subsubsection=\count82
\c@paragraph=\count83
\c@subparagraph=\count84
\c@figure=\count85
\c@table=\count86
\abovecaptionskip=\skip41
\belowcaptionskip=\skip42
\bibindent=\dimen102
)
No file BusinessPlan.aux.
\openout1 = `BusinessPlan.aux'.

LaTeX Font Info:    Checking defaults for OML/cmm/m/it on input line 13.
LaTeX Font Info:    ... okay on input line 13.
LaTeX Font Info:    Checking defaults for T1/cmr/m/n on input line 13.
LaTeX Font Info:    ... okay on input line 13.
LaTeX Font Info:    Checking defaults for OT1/cmr/m/n on input line 13.
LaTeX Font Info:    ... okay on input line 13.
LaTeX Font Info:    Checking defaults for OMS/cmsy/m/n on input line 13.
LaTeX Font Info:    ... okay on input line 13.
LaTeX Font Info:    Checking defaults for OMX/cmex/m/n on input line 13.
LaTeX Font Info:    ... okay on input line 13.
LaTeX Font Info:    Checking defaults for U/cmr/m/n on input line 13.
LaTeX Font Info:    ... okay on input line 13.
LaTeX Font Info:    External font `cmex10' loaded for size
(Font)              <14.4> on input line 19.
LaTeX Font Info:    External font `cmex10' loaded for size
(Font)              <7> on input line 19.
[1

]
LaTeX Font Info:    External font `cmex10' loaded for size
(Font)              <12> on input line 50.
LaTeX Font Info:    External font `cmex10' loaded for size
(Font)              <8> on input line 50.
LaTeX Font Info:    External font `cmex10' loaded for size
(Font)              <6> on input line 50.
 [2] [3] [4] [5] [6] [7] [8] (./BusinessPlan.aux) ) 
Here is how much of TeX's memory you used:
 233 strings out of 95739
 2427 string characters out of 1194635
 47582 words of memory out of 1000001
 3303 multiletter control sequences out of 10000+50000
 9155 words of font info for 32 fonts, out of 500000 for 1000
 14 hyphenation exceptions out of 1000
 22i,8n,19p,140b,197s stack positions out of 1500i,500n,5000p,200000b,5000s

Output written on BusinessPlan.dvi (8 pages, 14176 bytes).
