# Xilinx CORE Generator 6.2i
# User = cgobrien
Initializing default project...
Loading plug-ins...
All runtime messages will be recorded in F:\3ba5\Assignments\1A\COREGEN.LOG
# busformat=BusFormatAngleBracketNotRipped
# designflow=VHDL
# expandedprojectpath=F:\3ba5\Assignments\1A
# flowvendor=Foundation_iSE
# formalverification=None
# simulationoutputproducts=VHDL
# xilinxfamily=Virtex2
# outputoption=DesignFlow
# overwritefiles=Default
# simvendor=ModelSim
# expandedprojectpath=F:\3ba5\Assignments\1A
SETPROJECT .
Set current Project to F:\3ba5\Assignments\1A
SET BusFormat = BusFormatAngleBracketNotRipped
SETXIPCPORTHOST 4184
XIPCPJSENDCORES virtex2
