This is pdfeTeX, Version 3.141592-1.21a-2.2 (Web2C 7.5.4) (format=pdflatex 2005.10.26)  9 NOV 2005 09:28
entering extended mode
**MobileNetwork.tex
(./MobileNetwork.tex
LaTeX2e <2003/12/01>
Babel <v3.8d> and hyphenation patterns for american, french, german, ngerman, b
ahasa, basque, bulgarian, catalan, croatian, czech, danish, dutch, esperanto, e
stonian, finnish, greek, icelandic, irish, italian, latin, magyar, norsk, polis
h, portuges, romanian, russian, serbian, slovak, slovene, spanish, swedish, tur
kish, ukrainian, nohyphenation, loaded.
(/sw/share/texmf-dist/tex/latex/base/article.cls
Document Class: article 2004/02/16 v1.4f Standard LaTeX document class
(/sw/share/texmf-dist/tex/latex/base/size12.clo
File: size12.clo 2004/02/16 v1.4f Standard LaTeX file (size option)
)
\c@part=\count79
\c@section=\count80
\c@subsection=\count81
\c@subsubsection=\count82
\c@paragraph=\count83
\c@subparagraph=\count84
\c@figure=\count85
\c@table=\count86
\abovecaptionskip=\skip41
\belowcaptionskip=\skip42
\bibindent=\dimen102
)
(/sw/share/texmf-dist/tex/latex/geometry/geometry.sty
Package: geometry 2002/07/08 v3.2 Page Geometry

(/sw/share/texmf-dist/tex/latex/graphics/keyval.sty
Package: keyval 1999/03/16 v1.13 key=value parser (DPC)
\KV@toks@=\toks14
)
\Gm@cnth=\count87
\Gm@cntv=\count88
\c@Gm@tempcnt=\count89
\Gm@bindingoffset=\dimen103
\Gm@wd@mp=\dimen104
\Gm@odd@mp=\dimen105
\Gm@even@mp=\dimen106
\Gm@dimlist=\toks15

(/sw/share/texmf-dist/tex/latex/geometry/geometry.cfg))
(/sw/share/texmf-dist/tex/latex/graphics/graphicx.sty
Package: graphicx 1999/02/16 v1.0f Enhanced LaTeX Graphics (DPC,SPQR)

(/sw/share/texmf-dist/tex/latex/graphics/graphics.sty
Package: graphics 2001/07/07 v1.0n Standard LaTeX Graphics (DPC,SPQR)

(/sw/share/texmf-dist/tex/latex/graphics/trig.sty
Package: trig 1999/03/16 v1.09 sin cos tan (DPC)
)
(/sw/share/texmf-dist/tex/latex/graphics/graphics.cfg
File: graphics.cfg 2005/02/03 v1.3 graphics configuration of teTeX/TeXLive
)
Package graphics Info: Driver file: pdftex.def on input line 80.

(/sw/share/texmf-dist/tex/latex/graphics/pdftex.def
File: pdftex.def 2002/06/19 v0.03k graphics/color for pdftex
\Gread@gobject=\count90
))
\Gin@req@height=\dimen107
\Gin@req@width=\dimen108
) (./MobileNetwork.aux)
\openout1 = `MobileNetwork.aux'.

LaTeX Font Info:    Checking defaults for OML/cmm/m/it on input line 11.
LaTeX Font Info:    ... okay on input line 11.
LaTeX Font Info:    Checking defaults for T1/cmr/m/n on input line 11.
LaTeX Font Info:    ... okay on input line 11.
LaTeX Font Info:    Checking defaults for OT1/cmr/m/n on input line 11.
LaTeX Font Info:    ... okay on input line 11.
LaTeX Font Info:    Checking defaults for OMS/cmsy/m/n on input line 11.
LaTeX Font Info:    ... okay on input line 11.
LaTeX Font Info:    Checking defaults for OMX/cmex/m/n on input line 11.
LaTeX Font Info:    ... okay on input line 11.
LaTeX Font Info:    Checking defaults for U/cmr/m/n on input line 11.
LaTeX Font Info:    ... okay on input line 11.
-------------------- Geometry parameters
paper: a4paper
landscape: --
twocolumn: --
twoside: --
asymmetric: --
h-parts: 56.9055pt, 483.69687pt, 56.9055pt
v-parts: 113.81102pt, 617.4248pt, 113.81102pt
hmarginratio: --
vmarginratio: --
lines: --
heightrounded: --
bindingoffset: 0.0pt
truedimen: --
includehead: --
includefoot: --
includemp: --
driver: pdftex
-------------------- Page layout dimensions and switches
\paperwidth  597.50787pt
\paperheight 845.04684pt
\textwidth  483.69687pt
\textheight 617.4248pt
\oddsidemargin  -15.36449pt
\evensidemargin -15.36449pt
\topmargin  4.54103pt
\headheight 12.0pt
\headsep    25.0pt
\footskip   30.0pt
\marginparwidth 35.0pt
\marginparsep   10.0pt
\columnsep  10.0pt
\skip\footins  10.8pt plus 4.0pt minus 2.0pt
\hoffset 0.0pt
\voffset 0.0pt
\mag 1000

(1in=72.27pt, 1cm=28.45pt)
-----------------------

(/sw/share/texmf-dist/tex/context/base/supp-pdf.tex
(/sw/share/texmf-dist/tex/context/base/supp-mis.tex
loading : Context Support Macros / Miscellaneous (2004.10.26)
\protectiondepth=\count91
\scratchcounter=\count92
\scratchtoks=\toks16
\scratchdimen=\dimen109
\scratchskip=\skip43
\scratchmuskip=\muskip10
\scratchbox=\box26
\scratchread=\read1
\scratchwrite=\write3
\zeropoint=\dimen110
\onepoint=\dimen111
\onebasepoint=\dimen112
\minusone=\count93
\thousandpoint=\dimen113
\onerealpoint=\dimen114
\emptytoks=\toks17
\nextbox=\box27
\nextdepth=\dimen115
\everyline=\toks18
\!!counta=\count94
\!!countb=\count95
\recursecounter=\count96
)
loading : Context Support Macros / PDF (2004.03.26)
\nofMPsegments=\count97
\nofMParguments=\count98
\MPscratchCnt=\count99
\MPscratchDim=\dimen116
\MPnumerator=\count100
\everyMPtoPDFconversion=\toks19
)
LaTeX Font Info:    External font `cmex10' loaded for size
(Font)              <14.4> on input line 17.
LaTeX Font Info:    External font `cmex10' loaded for size
(Font)              <7> on input line 17.
 [1

{/sw/var/lib/texmf/fonts/map/pdftex/updmap/pdftex.map}]
<tcd-survey.png, id=14, 433.62pt x 671.50874pt>
File: tcd-survey.png Graphic file (type png)
 <use tcd-survey.png>

LaTeX Warning: Float too large for page by 80.91562pt on input line 68.


LaTeX Warning: `h' float specifier changed to `ht'.

LaTeX Font Info:    External font `cmex10' loaded for size
(Font)              <12> on input line 72.
LaTeX Font Info:    External font `cmex10' loaded for size
(Font)              <8> on input line 72.
LaTeX Font Info:    External font `cmex10' loaded for size
(Font)              <6> on input line 72.
[2]
Overfull \vbox (7.46404pt too high) has occurred while \output is active []


[3]
Overfull \hbox (4.5309pt too wide) in paragraph at lines 130--195
[][] 
 []


Overfull \vbox (50.37439pt too high) has occurred while \output is active []


[4] <1.png, id=24, 370.0224pt x 493.3632pt>
File: 1.png Graphic file (type png)
 <use 1.png>

LaTeX Warning: `h' float specifier changed to `ht'.

<2.png, id=25, 493.3632pt x 370.0224pt>
File: 2.png Graphic file (type png)
 <use 2.png>
Overfull \hbox (9.66513pt too wide) in paragraph at lines 210--211
[][] 
 []


LaTeX Warning: `h' float specifier changed to `ht'.

<5.png, id=26, 493.3632pt x 370.0224pt>
File: 5.png Graphic file (type png)
 <use 5.png>
Overfull \hbox (9.66513pt too wide) in paragraph at lines 218--219
[][] 
 []


LaTeX Warning: `h' float specifier changed to `ht'.

<6.png, id=27, 370.0224pt x 493.3632pt>
File: 6.png Graphic file (type png)
 <use 6.png>

LaTeX Warning: `h' float specifier changed to `ht'.

<7.png, id=28, 493.3632pt x 370.0224pt>
File: 7.png Graphic file (type png)
 <use 7.png>
Overfull \hbox (9.66513pt too wide) in paragraph at lines 234--235
[][] 
 []


LaTeX Warning: `h' float specifier changed to `ht'.

<8.png, id=29, 493.3632pt x 370.0224pt>
File: 8.png Graphic file (type png)
 <use 8.png>
Overfull \hbox (9.66513pt too wide) in paragraph at lines 242--243
[][] 
 []


LaTeX Warning: `h' float specifier changed to `ht'.

<9.png, id=30, 370.0224pt x 493.3632pt>
File: 9.png Graphic file (type png)
 <use 9.png>

LaTeX Warning: `h' float specifier changed to `ht'.

<11.png, id=31, 493.3632pt x 370.0224pt>
File: 11.png Graphic file (type png)
 <use 11.png>
Overfull \hbox (9.66513pt too wide) in paragraph at lines 258--259
[][] 
 []


LaTeX Warning: `h' float specifier changed to `ht'.

<12.png, id=32, 493.3632pt x 370.0224pt>
File: 12.png Graphic file (type png)
 <use 12.png>
Overfull \hbox (9.66513pt too wide) in paragraph at lines 266--267
[][] 
 []


LaTeX Warning: `h' float specifier changed to `ht'.

<tcd-masts.png, id=33, 492.84125pt x 607.26875pt>
File: tcd-masts.png Graphic file (type png)
 <use tcd-masts.png>
Overfull \hbox (9.14316pt too wide) in paragraph at lines 294--295
[][] 
 []


LaTeX Warning: Float too large for page by 16.67578pt on input line 298.


LaTeX Warning: `h' float specifier changed to `ht'.

[5] [6] [7 <./tcd-survey.png>] [8 <./1.png>] [9 <./2.png>] [10 <./5.png>]
[11 <./6.png>] [12 <./7.png>] [13 <./8.png>] [14 <./9.png>] [15 <./11.png>]
[16 <./12.png>] [17 <./tcd-masts.png>] (./MobileNetwork.aux) ) 
Here is how much of TeX's memory you used:
 1283 strings out of 94500
 16296 string characters out of 1176113
 79498 words of memory out of 1000000
 4483 multiletter control sequences out of 10000+50000
 8501 words of font info for 30 fonts, out of 500000 for 2000
 580 hyphenation exceptions out of 1000
 25i,6n,19p,229b,197s stack positions out of 1500i,500n,5000p,200000b,5000s
PDF statistics:
 74 PDF objects out of 300000
 0 named destinations out of 131072
 56 words of extra memory for PDF output out of 65536
</sw/share/texmf-
dist/fonts/type1/bluesky/cm/cmbx12.pfb></sw/share/texmf-dist/fonts/type1/bluesk
y/cm/cmr12.pfb></sw/share/texmf-dist/fonts/type1/bluesky/cm/cmr17.pfb>
Output written on MobileNetwork.pdf (17 pages, 24345291 bytes).
