This is TeX, Version 3.14159 (Web2C 7.4.5) (format=latex 2004.10.17)  30 NOV 2004 02:14
**ThirdForce.tex
(./ThirdForce.tex
LaTeX2e <2001/06/01>
Babel <v3.7h> and hyphenation patterns for american, french, german, ngerman, n
ohyphenation, loaded.
(/sw/share/texmf/tex/latex/base/article.cls
Document Class: article 2001/04/21 v1.4e Standard LaTeX document class
(/sw/share/texmf/tex/latex/base/size12.clo
File: size12.clo 2001/04/21 v1.4e Standard LaTeX file (size option)
)
\c@part=\count79
\c@section=\count80
\c@subsection=\count81
\c@subsubsection=\count82
\c@paragraph=\count83
\c@subparagraph=\count84
\c@figure=\count85
\c@table=\count86
\abovecaptionskip=\skip41
\belowcaptionskip=\skip42
\bibindent=\dimen102
) (./ThirdForce.aux)
\openout1 = `ThirdForce.aux'.

LaTeX Font Info:    Checking defaults for OML/cmm/m/it on input line 5.
LaTeX Font Info:    ... okay on input line 5.
LaTeX Font Info:    Checking defaults for T1/cmr/m/n on input line 5.
LaTeX Font Info:    ... okay on input line 5.
LaTeX Font Info:    Checking defaults for OT1/cmr/m/n on input line 5.
LaTeX Font Info:    ... okay on input line 5.
LaTeX Font Info:    Checking defaults for OMS/cmsy/m/n on input line 5.
LaTeX Font Info:    ... okay on input line 5.
LaTeX Font Info:    Checking defaults for OMX/cmex/m/n on input line 5.
LaTeX Font Info:    ... okay on input line 5.
LaTeX Font Info:    Checking defaults for U/cmr/m/n on input line 5.
LaTeX Font Info:    ... okay on input line 5.
LaTeX Font Info:    External font `cmex10' loaded for size
(Font)              <14.4> on input line 11.
LaTeX Font Info:    External font `cmex10' loaded for size
(Font)              <7> on input line 11.
 [1

]
Missing character: There is no ^^c2 in font cmr12!
Missing character: There is no ^^a3 in font cmr12!
LaTeX Font Info:    External font `cmex10' loaded for size
(Font)              <12> on input line 23.
LaTeX Font Info:    External font `cmex10' loaded for size
(Font)              <8> on input line 23.
LaTeX Font Info:    External font `cmex10' loaded for size
(Font)              <6> on input line 23.
 [2]
[3]
LaTeX Font Info:    Try loading font information for OMS+cmr on input line 121.

 (/sw/share/texmf/tex/latex/base/omscmr.fd
File: omscmr.fd 1999/05/25 v2.5h Standard LaTeX font definitions
)
LaTeX Font Info:    Font shape `OMS/cmr/m/n' in size <12> not available
(Font)              Font shape `OMS/cmsy/m/n' tried instead on input line 121.
 [4] [5]
Underfull \hbox (badness 10000) in paragraph at lines 200--206

 []

[6] [7]
Overfull \hbox (7.78569pt too wide) in paragraph at lines 271--282
[]\OT1/cmr/m/n/12 ThirdForce is ex-pected to com-bine or-ganic growth with ac-q
ui-si-tions. Third-
 []

[8] (./ThirdForce.aux) ) 
Here is how much of TeX's memory you used:
 249 strings out of 95847
 2678 string characters out of 1196008
 47590 words of memory out of 1000001
 3253 multiletter control sequences out of 10000+50000
 8808 words of font info for 31 fonts, out of 500000 for 1000
 14 hyphenation exceptions out of 1000
 22i,6n,19p,157b,245s stack positions out of 1500i,500n,5000p,200000b,5000s

Output written on ThirdForce.dvi (8 pages, 18244 bytes).
