This is pdfeTeX, Version 3.141592-1.21a-2.2 (Web2C 7.5.4) (format=latex 2005.5.4)  6 MAY 2005 02:26
entering extended mode
**TaraWANCritique.tex
(./TaraWANCritique.tex
LaTeX2e <2003/12/01>
Babel <v3.8d> and hyphenation patterns for american, french, german, ngerman, b
ahasa, basque, bulgarian, catalan, croatian, czech, danish, dutch, esperanto, e
stonian, finnish, greek, icelandic, irish, italian, latin, magyar, norsk, polis
h, portuges, romanian, russian, serbian, slovak, slovene, spanish, swedish, tur
kish, ukrainian, nohyphenation, loaded.
(/sw/share/texmf-dist/tex/latex/base/article.cls
Document Class: article 2004/02/16 v1.4f Standard LaTeX document class
(/sw/share/texmf-dist/tex/latex/base/size12.clo
File: size12.clo 2004/02/16 v1.4f Standard LaTeX file (size option)
)
\c@part=\count79
\c@section=\count80
\c@subsection=\count81
\c@subsubsection=\count82
\c@paragraph=\count83
\c@subparagraph=\count84
\c@figure=\count85
\c@table=\count86
\abovecaptionskip=\skip41
\belowcaptionskip=\skip42
\bibindent=\dimen102
) (./TaraWANCritique.aux)
\openout1 = `TaraWANCritique.aux'.

LaTeX Font Info:    Checking defaults for OML/cmm/m/it on input line 12.
LaTeX Font Info:    ... okay on input line 12.
LaTeX Font Info:    Checking defaults for T1/cmr/m/n on input line 12.
LaTeX Font Info:    ... okay on input line 12.
LaTeX Font Info:    Checking defaults for OT1/cmr/m/n on input line 12.
LaTeX Font Info:    ... okay on input line 12.
LaTeX Font Info:    Checking defaults for OMS/cmsy/m/n on input line 12.
LaTeX Font Info:    ... okay on input line 12.
LaTeX Font Info:    Checking defaults for OMX/cmex/m/n on input line 12.
LaTeX Font Info:    ... okay on input line 12.
LaTeX Font Info:    Checking defaults for U/cmr/m/n on input line 12.
LaTeX Font Info:    ... okay on input line 12.
LaTeX Font Info:    External font `cmex10' loaded for size
(Font)              <14.4> on input line 20.
LaTeX Font Info:    External font `cmex10' loaded for size
(Font)              <7> on input line 20.

[1

] (./TaraWANCritique.toc
LaTeX Font Info:    External font `cmex10' loaded for size
(Font)              <12> on input line 3.
LaTeX Font Info:    External font `cmex10' loaded for size
(Font)              <8> on input line 3.
LaTeX Font Info:    External font `cmex10' loaded for size
(Font)              <6> on input line 3.
)
\tf@toc=\write3
\openout3 = `TaraWANCritique.toc'.

 [2] [3] [4]
Overfull \hbox (7.26393pt too wide) in paragraph at lines 147--150
\OT1/cmr/m/n/12 Sales man-age-ment is planned on be-ing pri-mar-ily man-aged vi
a the [[], TaraWAN
 []

[5] [6] (./TaraWANCritique.bbl
Underfull \hbox (badness 1168) in paragraph at lines 4--8
[]\OT1/cmr/m/sc/12 Council, M. C.  \OT1/cmr/m/n/12 Plan-ning and De-vel-op-ment
 Reg-u-la-tions 2001.
 []


Underfull \hbox (badness 4217) in paragraph at lines 4--8
\OT1/cmr/m/it/12 Meath County Coun-cil - Plan-ning and De-vel-op-ment \OT1/cmr/
m/n/12 (3-5-2005).
 []

[7]
Underfull \hbox (badness 2426) in paragraph at lines 15--19
[]\OT1/cmr/m/sc/12 Unknown\OT1/cmr/m/n/12 .  802.11.  \OT1/cmr/m/it/12 IEEE 802
.11 Work-ing Group \OT1/cmr/m/n/12 (3-5-2005).
 []


Underfull \hbox (badness 2426) in paragraph at lines 21--25
[]\OT1/cmr/m/sc/12 Unknown\OT1/cmr/m/n/12 .  802.16.  \OT1/cmr/m/it/12 IEEE 802
.16 Work-ing Group \OT1/cmr/m/n/12 (3-5-2005).
 []

) [8] (./TaraWANCritique.aux) ) 
Here is how much of TeX's memory you used:
 248 strings out of 94501
 2727 string characters out of 1176138
 50348 words of memory out of 1000000
 3485 multiletter control sequences out of 10000+50000
 9456 words of font info for 33 fonts, out of 500000 for 2000
 580 hyphenation exceptions out of 1000
 22i,6n,19p,149b,201s stack positions out of 1500i,500n,5000p,200000b,5000s

Output written on TaraWANCritique.dvi (8 pages, 15812 bytes).
