This is e-TeX, Version 3.14159-2.1 (Web2C 7.4.5) (format=latex 2005.4.17)  10 MAY 2005 18:34
entering extended mode
**Google.tex
(./Google.tex
LaTeX2e <2001/06/01>
Babel <v3.7h> and hyphenation patterns for american, french, ngerman, nohyphena
tion, loaded.
(/usr/share/texmf/tex/latex/base/article.cls
Document Class: article 2001/04/21 v1.4e Standard LaTeX document class
(/usr/share/texmf/tex/latex/base/size12.clo
File: size12.clo 2001/04/21 v1.4e Standard LaTeX file (size option)
)
\c@part=\count79
\c@section=\count80
\c@subsection=\count81
\c@subsubsection=\count82
\c@paragraph=\count83
\c@subparagraph=\count84
\c@figure=\count85
\c@table=\count86
\abovecaptionskip=\skip41
\belowcaptionskip=\skip42
\bibindent=\dimen102
)
(/usr/share/texmf/tex/latex/misc/setspace.sty
Package: setspace 2000/12/01 6.7 Contributed and Supported LaTeX2e package

Package: `setspace' 6.7 <2000/12/01>
) (./Google.aux)
\openout1 = `Google.aux'.

LaTeX Font Info:    Checking defaults for OML/cmm/m/it on input line 13.
LaTeX Font Info:    ... okay on input line 13.
LaTeX Font Info:    Checking defaults for T1/cmr/m/n on input line 13.
LaTeX Font Info:    ... okay on input line 13.
LaTeX Font Info:    Checking defaults for OT1/cmr/m/n on input line 13.
LaTeX Font Info:    ... okay on input line 13.
LaTeX Font Info:    Checking defaults for OMS/cmsy/m/n on input line 13.
LaTeX Font Info:    ... okay on input line 13.
LaTeX Font Info:    Checking defaults for OMX/cmex/m/n on input line 13.
LaTeX Font Info:    ... okay on input line 13.
LaTeX Font Info:    Checking defaults for U/cmr/m/n on input line 13.
LaTeX Font Info:    ... okay on input line 13.
LaTeX Font Info:    External font `cmex10' loaded for size
(Font)              <14.4> on input line 19.
LaTeX Font Info:    External font `cmex10' loaded for size
(Font)              <7> on input line 19.
 [1

] [2] [3] [4] [5] [6] (./Google.bbl [7]
Overfull \vbox (190.77608pt too high) has occurred while \output is active []


[8]
Underfull \hbox (badness 1424) in paragraph at lines 14--16
[]\OT1/cmr/m/n/12 Misc, ``Board of Di-rec-tors,'' \OT1/cmr/m/it/12 Google In-ve
stor Re-la-tions\OT1/cmr/m/n/12 , 10-5-2005.
 []

) [9] (./Google.aux) ) 
Here is how much of TeX's memory you used:
 259 strings out of 95739
 2828 string characters out of 1194635
 47618 words of memory out of 1000001
 3325 multiletter control sequences out of 10000+50000
 6717 words of font info for 24 fonts, out of 500000 for 1000
 14 hyphenation exceptions out of 1000
 22i,6n,19p,137b,199s stack positions out of 1500i,500n,5000p,200000b,5000s

Output written on Google.dvi (9 pages, 11500 bytes).
