This is TeX, Version 3.14159 (Web2C 7.4.5) (format=latex 2005.1.25)  28 FEB 2005 20:32
**20050201.tex
(./20050201.tex
LaTeX2e <2001/06/01>
Babel <v3.7h> and hyphenation patterns for american, french, german, ngerman, n
ohyphenation, loaded.

! LaTeX Error: File `article.cls' not found.

Type X to quit or <RETURN> to proceed,
or enter new name. (Default extension: cls)

Enter file name: /sw/share/texmf/tex/latex/base/article.cls

! LaTeX Error: File `/sw/share/texmf/tex/latex/base/article.cls' not found.

Type X to quit or <RETURN> to proceed,
or enter new name. (Default extension: cls)

Enter file name: X

 )
(\end occurred when \ifx on line 4 was incomplete)
(\end occurred when \ifx on line 4 was incomplete)
(\end occurred when \ifx on line 4 was incomplete) 
Here is how much of TeX's memory you used:
 9 strings out of 95847
 103 string characters out of 1196009
 44507 words of memory out of 1000001
 3037 multiletter control sequences out of 10000+50000
 3640 words of font info for 14 fonts, out of 500000 for 1000
 14 hyphenation exceptions out of 1000
 11i,0n,7p,78b,7s stack positions out of 1500i,4000n,5000p,200000b,40000s

No pages of output.
