This is pdfeTeX, Version 3.141592-1.21a-2.2 (Web2C 7.5.4) (format=latex 2005.3.3)  22 MAR 2005 19:14
entering extended mode
**20050214.tex
(./20050214.tex
LaTeX2e <2003/12/01>
Babel <v3.8d> and hyphenation patterns for american, french, german, ngerman, b
ahasa, basque, bulgarian, catalan, croatian, czech, danish, dutch, esperanto, e
stonian, finnish, greek, icelandic, irish, italian, latin, magyar, norsk, polis
h, portuges, romanian, russian, serbian, slovak, slovene, spanish, swedish, tur
kish, ukrainian, nohyphenation, loaded.
(/sw/share/texmf-dist/tex/latex/base/article.cls
Document Class: article 2004/02/16 v1.4f Standard LaTeX document class
(/sw/share/texmf-dist/tex/latex/base/size12.clo
File: size12.clo 2004/02/16 v1.4f Standard LaTeX file (size option)
)
\c@part=\count79
\c@section=\count80
\c@subsection=\count81
\c@subsubsection=\count82
\c@paragraph=\count83
\c@subparagraph=\count84
\c@figure=\count85
\c@table=\count86
\abovecaptionskip=\skip41
\belowcaptionskip=\skip42
\bibindent=\dimen102
)
(/sw/share/texmf-dist/tex/latex/amsfonts/amssymb.sty
Package: amssymb 2002/01/22 v2.2d

(/sw/share/texmf-dist/tex/latex/amsfonts/amsfonts.sty
Package: amsfonts 2001/10/25 v2.2f
\@emptytoks=\toks14
\symAMSa=\mathgroup4
\symAMSb=\mathgroup5
LaTeX Font Info:    Overwriting math alphabet `\mathfrak' in version `bold'
(Font)                  U/euf/m/n --> U/euf/b/n on input line 132.
))
(/sw/share/texmf-dist/tex/latex/pstricks/pstricks.sty
Package: pstricks 2004/05/12 v0.2l LaTeX wrapper for `PSTricks' (RN,HV)

(/sw/share/texmf-dist/tex/generic/pstricks/pstricks.tex
`PSTricks' v1.04  <2004/06/22> (tvz)
\pst@dima=\dimen103
\pst@dimb=\dimen104
\pst@dimc=\dimen105
\pst@dimd=\dimen106
\pst@dimg=\dimen107
\pst@dimh=\dimen108
\pst@hbox=\box26
\pst@boxg=\box27
\pst@cnta=\count87
\pst@cntb=\count88
\pst@cntc=\count89
\pst@cntd=\count90
\pst@cntg=\count91
\pst@cnth=\count92
\pst@toks=\toks15
(/sw/share/texmf-dist/tex/generic/pstricks/pstricks.con)
\psunit=\dimen109
\psxunit=\dimen110
\psyunit=\dimen111
\pslinewidth=\dimen112
\pst@customdefs=\toks16
\pslinearc=\dimen113
\everypsbox=\toks17
\psframesep=\dimen114
\pslabelsep=\dimen115
\theoverlaybox=\box28
)
File: pstricks.tex 2004/06/22 v1.04 `PSTricks' (tvz)

(/sw/share/texmf-dist/tex/latex/xcolor/xcolor.sty
Package: xcolor 2004/07/04 v2.00 LaTeX color extensions (UK)

(/sw/share/texmf-dist/tex/latex/graphics/color.cfg
File: color.cfg 2005/02/03 v1.3 color configuration of teTeX/TeXLive
)
Package xcolor Info: Package option `override' ignored on input line 128.
Package xcolor Info: Driver file: dvips.def on input line 136.

(/sw/share/texmf-dist/tex/latex/graphics/dvips.def
File: dvips.def 1999/02/16 v3.0i Driver-dependant file (DPC,SPQR)
)
Package xcolor Info: Color model `cmy' added on input line 972.
Package xcolor Info: Color model `HTML' added on input line 1000.
Package xcolor Info: Color model `HSB' added on input line 1006.
Package xcolor Info: Color model `Gray' added on input line 1012.
))
(/sw/share/texmf-dist/tex/latex/ulem/ulem.sty
\UL@box=\box29
\UL@hyphenbox=\box30
\UL@skip=\skip43
\UL@hook=\toks18
\UL@pe=\count93
\UL@pixel=\dimen116
\ULC@box=\box31
Package: ulem 2000/05/26
\ULdepth=\dimen117
)
(/sw/share/texmf-dist/tex/generic/xypic/xy.sty
(/sw/share/texmf-dist/tex/generic/xypic/xy.tex Bootstrap'ing: catcodes,
docmode, (/sw/share/texmf-dist/tex/generic/xypic/xyrecat.tex)
(/sw/share/texmf-dist/tex/generic/xypic/xyidioms.tex)

 Xy-pic version 3.7 <1999/02/16>
 Copyright (c) 1991-1998 by Kristoffer H. Rose <krisrose@ens-lyon.fr>
 Xy-pic is free software: see the User's Guide for details.

Loading kernel: messages; fonts; allocations: state,
\X@c=\dimen118
\Y@c=\dimen119
\U@c=\dimen120
\D@c=\dimen121
\L@c=\dimen122
\R@c=\dimen123
\Edge@c=\toks19
\X@p=\dimen124
\Y@p=\dimen125
\U@p=\dimen126
\D@p=\dimen127
\L@p=\dimen128
\R@p=\dimen129
\Edge@p=\toks20
\X@origin=\dimen130
\Y@origin=\dimen131
\X@xbase=\dimen132
\Y@xbase=\dimen133
\X@ybase=\dimen134
\Y@ybase=\dimen135
\X@min=\dimen136
\Y@min=\dimen137
\X@max=\dimen138
\Y@max=\dimen139
\lastobjectbox@=\box32
\zerodotbox@=\box33
\almostz@=\dimen140
 direction,
\d@X=\dimen141
\d@Y=\dimen142
\K@=\count94
\KK@=\count95
\Direction=\count96
\K@dXdY=\dimen143
\K@dYdX=\dimen144
\xyread@=\read1
\xywrite@=\write3
\csp@=\count97
\quotPTK@=\dimen145

utility macros; pictures: \xy, positions,
\swaptoks@@=\toks21
\connectobjectbox@@=\box34
 objects,
\styletoks@=\toks22
 decorations;
kernel objects: directionals, circles, text; options; algorithms: directions,
edges, connections;  Xy-pic loaded)
Package: xy 1999/02/16 Xy-pic version 3.7

(/sw/share/texmf-dist/tex/generic/xypic/xyall.tex
 Xy-pic option: All features v.3.3
(/sw/share/texmf-dist/tex/generic/xypic/xycurve.tex
 Xy-pic option: Curve and Spline extension v.3.7 curve,
\crv@cnt@=\count98
\crvpts@=\toks23
\splinebox@=\box35
\splineval@=\dimen146
\splinedepth@=\dimen147
\splinetol@=\dimen148
\splinelength@=\dimen149
 circles,
\L@=\dimen150
 loaded)
(/sw/share/texmf-dist/tex/generic/xypic/xyframe.tex
 Xy-pic option: Frame and Bracket extension v.3.7 loaded)
(/sw/share/texmf-dist/tex/generic/xypic/xycmtip.tex
 Xy-pic option: Computer Modern tip extension v.3.3
(/sw/share/texmf-dist/tex/generic/xypic/xytips.tex
 Xy-pic option: More Tips extension v.3.3 loaded) loaded)
(/sw/share/texmf-dist/tex/generic/xypic/xyline.tex
 Xy-pic option: Line styles extension v.3.6
\xylinethick@=\dimen151
 loaded)
(/sw/share/texmf-dist/tex/generic/xypic/xyrotate.tex
 Xy-pic option: Rotate and Scale extension v.3.3 loaded)
(/sw/share/texmf-dist/tex/generic/xypic/xycolor.tex
 Xy-pic option: Colour extension v.3.3 loaded)
(/sw/share/texmf-dist/tex/generic/xypic/xymatrix.tex
 Xy-pic option: Matrix feature v.3.4
\Row=\count99
\Col=\count100
\queue@=\toks24
\queue@@=\toks25
\qcount@=\count101
\qcount@@=\count102
\matrixsize@=\count103
 loaded)
(/sw/share/texmf-dist/tex/generic/xypic/xyarrow.tex
 Xy-pic option: Arrow and Path feature v.3.5 path, \ar, loaded)
(/sw/share/texmf-dist/tex/generic/xypic/xygraph.tex
 Xy-pic option: Graph feature v.3.7 loaded) loaded))
(/Users/conall/share/texmf/tex/latex/circ/circ.sty
Package: circ 1997/04/23 v1.0d for typeset circuit diagrams
\X*max=\dimen152
\X*min=\dimen153
\*X*=\dimen154
\*Y*=\dimen155
\**X=\dimen156
\**Y=\dimen157
\***X=\dimen158
\***Y=\dimen159
\*bbox=\box36
\box*=\box37
\ic*=\dimen160
\ht*=\dimen161
\wd*=\dimen162
\dp*=\dimen163
\cc*=\count104
\*spc=\dimen164
\ldd*=\toks26
\rud*=\toks27
\llpos*=\toks28
\ldpos*=\toks29
\rlpos*=\toks30
\rdpos*=\toks31
\ulpos*=\toks32
\udpos*=\toks33
\dlpos*=\toks34
\ddpos*=\toks35
\cnta*=\count105
\cntb*=\count106
\name*=\toks36
\ld*pin=\toks37
\ru*pin=\toks38
\m*pin=\toks39
\rmacros=\toks40
\outerspace=\dimen165
\*Ilist=\toks41
\*Olist=\toks42
\pin*spc=\dimen166
\pin*ind=\dimen167
\io*ind=\dimen168
\mid*ind=\dimen169
\pinnum*spc=\dimen170
\CIRCfinit=\toks43

(/Users/conall/share/texmf/tex/latex/circ/gate.def
File: gate.def 
)
(/Users/conall/share/texmf/tex/latex/circ/ic.def
File: ic.def 
)
(/Users/conall/share/texmf/tex/latex/circ/box.def
File: box.def 
)
(/Users/conall/share/texmf/tex/latex/circ/basic.def
File: basic.def 
)) (./20050214.aux)
\openout1 = `20050214.aux'.

LaTeX Font Info:    Checking defaults for OML/cmm/m/it on input line 13.
LaTeX Font Info:    ... okay on input line 13.
LaTeX Font Info:    Checking defaults for T1/cmr/m/n on input line 13.
LaTeX Font Info:    ... okay on input line 13.
LaTeX Font Info:    Checking defaults for OT1/cmr/m/n on input line 13.
LaTeX Font Info:    ... okay on input line 13.
LaTeX Font Info:    Checking defaults for OMS/cmsy/m/n on input line 13.
LaTeX Font Info:    ... okay on input line 13.
LaTeX Font Info:    Checking defaults for OMX/cmex/m/n on input line 13.
LaTeX Font Info:    ... okay on input line 13.
LaTeX Font Info:    Checking defaults for U/cmr/m/n on input line 13.
LaTeX Font Info:    ... okay on input line 13.
LaTeX Font Info:    Try loading font information for U+msa on input line 17.

(/sw/share/texmf-dist/tex/latex/amsfonts/umsa.fd
File: umsa.fd 2002/01/19 v2.2g AMS font definitions
)
LaTeX Font Info:    Try loading font information for U+msb on input line 17.

(/sw/share/texmf-dist/tex/latex/amsfonts/umsb.fd
File: umsb.fd 2002/01/19 v2.2g AMS font definitions
)

LaTeX Warning: No \author given.

(./20050214-CMOS-net1.tex) (./20050214-CMOS-net2.tex) (./20050214-CMOS-net3.tex
) [1

] [2] [3] (./20050214.aux) ) 
Here is how much of TeX's memory you used:
 4409 strings out of 94501
 49821 string characters out of 1176138
 179779 words of memory out of 1000000
 7532 multiletter control sequences out of 10000+50000
 13688 words of font info for 57 fonts, out of 500000 for 2000
 580 hyphenation exceptions out of 1000
 29i,9n,40p,205b,717s stack positions out of 1500i,500n,5000p,200000b,5000s

Output written on 20050214.dvi (3 pages, 23504 bytes).
