This is pdfeTeX, Version 3.141592-1.21a-2.2 (Web2C 7.5.4) (format=pdflatex 2005.3.3)  4 APR 2005 14:48
entering extended mode
**PowerPC970.tex
(./PowerPC970.tex
LaTeX2e <2003/12/01>
Babel <v3.8d> and hyphenation patterns for american, french, german, ngerman, b
ahasa, basque, bulgarian, catalan, croatian, czech, danish, dutch, esperanto, e
stonian, finnish, greek, icelandic, irish, italian, latin, magyar, norsk, polis
h, portuges, romanian, russian, serbian, slovak, slovene, spanish, swedish, tur
kish, ukrainian, nohyphenation, loaded.
(/sw/share/texmf-dist/tex/latex/base/article.cls
Document Class: article 2004/02/16 v1.4f Standard LaTeX document class
(/sw/share/texmf-dist/tex/latex/base/size12.clo
File: size12.clo 2004/02/16 v1.4f Standard LaTeX file (size option)
)
\c@part=\count79
\c@section=\count80
\c@subsection=\count81
\c@subsubsection=\count82
\c@paragraph=\count83
\c@subparagraph=\count84
\c@figure=\count85
\c@table=\count86
\abovecaptionskip=\skip41
\belowcaptionskip=\skip42
\bibindent=\dimen102
)
(/sw/share/texmf-dist/tex/latex/graphics/graphicx.sty
Package: graphicx 1999/02/16 v1.0f Enhanced LaTeX Graphics (DPC,SPQR)

(/sw/share/texmf-dist/tex/latex/graphics/keyval.sty
Package: keyval 1999/03/16 v1.13 key=value parser (DPC)
\KV@toks@=\toks14
)
(/sw/share/texmf-dist/tex/latex/graphics/graphics.sty
Package: graphics 2001/07/07 v1.0n Standard LaTeX Graphics (DPC,SPQR)

(/sw/share/texmf-dist/tex/latex/graphics/trig.sty
Package: trig 1999/03/16 v1.09 sin cos tan (DPC)
)
(/sw/share/texmf-dist/tex/latex/graphics/graphics.cfg
File: graphics.cfg 2005/02/03 v1.3 graphics configuration of teTeX/TeXLive
)
Package graphics Info: Driver file: pdftex.def on input line 80.

(/sw/share/texmf-dist/tex/latex/graphics/pdftex.def
File: pdftex.def 2002/06/19 v0.03k graphics/color for pdftex
\Gread@gobject=\count87
))
\Gin@req@height=\dimen103
\Gin@req@width=\dimen104
) (./PowerPC970.aux)
\openout1 = `PowerPC970.aux'.

LaTeX Font Info:    Checking defaults for OML/cmm/m/it on input line 10.
LaTeX Font Info:    ... okay on input line 10.
LaTeX Font Info:    Checking defaults for T1/cmr/m/n on input line 10.
LaTeX Font Info:    ... okay on input line 10.
LaTeX Font Info:    Checking defaults for OT1/cmr/m/n on input line 10.
LaTeX Font Info:    ... okay on input line 10.
LaTeX Font Info:    Checking defaults for OMS/cmsy/m/n on input line 10.
LaTeX Font Info:    ... okay on input line 10.
LaTeX Font Info:    Checking defaults for OMX/cmex/m/n on input line 10.
LaTeX Font Info:    ... okay on input line 10.
LaTeX Font Info:    Checking defaults for U/cmr/m/n on input line 10.
LaTeX Font Info:    ... okay on input line 10.

(/sw/share/texmf-dist/tex/context/base/supp-pdf.tex
(/sw/share/texmf-dist/tex/context/base/supp-mis.tex
loading : Context Support Macros / Miscellaneous (2004.10.26)
\protectiondepth=\count88
\scratchcounter=\count89
\scratchtoks=\toks15
\scratchdimen=\dimen105
\scratchskip=\skip43
\scratchmuskip=\muskip10
\scratchbox=\box26
\scratchread=\read1
\scratchwrite=\write3
\zeropoint=\dimen106
\onepoint=\dimen107
\onebasepoint=\dimen108
\minusone=\count90
\thousandpoint=\dimen109
\onerealpoint=\dimen110
\emptytoks=\toks16
\nextbox=\box27
\nextdepth=\dimen111
\everyline=\toks17
\!!counta=\count91
\!!countb=\count92
\recursecounter=\count93
)
loading : Context Support Macros / PDF (2004.03.26)
\nofMPsegments=\count94
\nofMParguments=\count95
\MPscratchCnt=\count96
\MPscratchDim=\dimen112
\MPnumerator=\count97
\everyMPtoPDFconversion=\toks18
)
LaTeX Font Info:    External font `cmex10' loaded for size
(Font)              <14.4> on input line 19.
LaTeX Font Info:    External font `cmex10' loaded for size
(Font)              <7> on input line 19.
 <powerpc970-1.png, id=1, 120.45pt x 166.7028pt>
File: powerpc970-1.png Graphic file (type png)
 <use powerpc970-1.png>
(./PowerPC970.toc [1

{/sw/var/lib/texmf/fonts/map/pdftex/updmap/pdftex.map} <./powerpc970-1.png>]
LaTeX Font Info:    External font `cmex10' loaded for size
(Font)              <12> on input line 3.
LaTeX Font Info:    External font `cmex10' loaded for size
(Font)              <8> on input line 3.
LaTeX Font Info:    External font `cmex10' loaded for size
(Font)              <6> on input line 3.
)
\tf@toc=\write4
\openout4 = `PowerPC970.toc'.

 [2] [3] <970-arch.png, id=21, 596.2275pt x 462.72874pt>
File: 970-arch.png Graphic file (type png)

<use 970-arch.png> [4 <./970-arch.png>] [5] [6] [7] (./PowerPC970.bbl
Underfull \hbox (badness 1412) in paragraph at lines 9--11
[]\OT1/cmr/m/n/12 Misc, ``Pow-erPC,'' \OT1/cmr/m/it/12 WikiPedia - The Free En-
cy-clo-pe-dia\OT1/cmr/m/n/12 , 19-3-2005.
 []


Underfull \hbox (badness 1314) in paragraph at lines 13--19
[]\OT1/cmr/m/n/12 C. Shamieh, ``Un-der-stand-ing 64-bit Pow-erPC ar-chi-tec-tur
e - Crit-i-
 []


Underfull \hbox (badness 1009) in paragraph at lines 13--19
\OT1/cmr/m/n/12 cal con-sid-er-a-tions in 64-bit mi-cro-pro-ces-sor de-sign,'' 
\OT1/cmr/m/it/12 IBM Whitepa-
 []


Underfull \hbox (badness 3068) in paragraph at lines 13--19
\OT1/cmr/m/it/12 per - Power Ar-chi-tec-ture Tech-nol-ogy\OT1/cmr/m/n/12 , 19-1
0-2004.  http://www-
 []


Underfull \hbox (badness 10000) in paragraph at lines 13--19
\OT1/cmr/m/n/12 106.ibm.com/developerworks/library/pa-microdesign/?ca=dgr-
 []

[8]
Underfull \hbox (badness 3312) in paragraph at lines 25--27
[]\OT1/cmr/m/n/12 A. C. Inc, ``Pow-er-Mac G5 Whitepa-per,'' \OT1/cmr/m/it/12 Ap
-ple.com\OT1/cmr/m/n/12 , 31-6-2006.
 []


Overfull \hbox (2.2615pt too wide) in paragraph at lines 25--27
\OT1/cmr/m/n/12 http://images.apple.com/powermac/pdf/PowerPCG5[]WP[]06092004.pd
f. 
 []


Underfull \hbox (badness 10000) in paragraph at lines 29--32
[]\OT1/cmr/m/n/12 J. Stokes, ``In-side the IBM Pow-erPC 970 - Part I: De-
 []


Underfull \hbox (badness 7832) in paragraph at lines 29--32
\OT1/cmr/m/n/12 sign Phi-los-o-phy and Front End,'' \OT1/cmr/m/it/12 Arts Tech-
nica\OT1/cmr/m/n/12 , 22-11-2002.
 []


Underfull \hbox (badness 10000) in paragraph at lines 34--37
[]\OT1/cmr/m/n/12 J. Stokes, ``In-side the IBM Pow-erPC 970 - Part
 []


Underfull \hbox (badness 10000) in paragraph at lines 34--37
\OT1/cmr/m/n/12 II:The Ex-e-cu-tion Core,'' \OT1/cmr/m/it/12 Arts Tech-nica\OT1
/cmr/m/n/12 , 14-5-2003.
 []

) [9] (./PowerPC970.aux) ) 
Here is how much of TeX's memory you used:
 929 strings out of 94500
 11198 string characters out of 1176115
 58836 words of memory out of 1000000
 4137 multiletter control sequences out of 10000+50000
 9155 words of font info for 32 fonts, out of 500000 for 2000
 580 hyphenation exceptions out of 1000
 25i,6n,19p,226b,236s stack positions out of 1500i,500n,5000p,200000b,5000s
PDF statistics:
 44 PDF objects out of 300000
 0 named destinations out of 131072
 11 words of extra memory for PDF output out of 65536
</sw/share/texmf-dist/fonts/type1/bluesky/cm/cmti12.p
fb></sw/share/texmf-dist/fonts/type1/bluesky/cm/cmbx12.pfb></sw/share/texmf-dis
t/fonts/type1/bluesky/cm/cmr12.pfb></sw/share/texmf-dist/fonts/type1/bluesky/cm
/cmr17.pfb>
Output written on PowerPC970.pdf (9 pages, 1019675 bytes).
