This is e-TeX, Version 3.14159-2.1 (Web2C 7.4.5) (format=latex 2005.4.17)  11 MAY 2005 20:59
entering extended mode
**Google.tex
(./Google.tex
LaTeX2e <2001/06/01>
Babel <v3.7h> and hyphenation patterns for american, french, ngerman, nohyphena
tion, loaded.
(/usr/share/texmf/tex/latex/base/article.cls
Document Class: article 2001/04/21 v1.4e Standard LaTeX document class
(/usr/share/texmf/tex/latex/base/size12.clo
File: size12.clo 2001/04/21 v1.4e Standard LaTeX file (size option)
)
\c@part=\count79
\c@section=\count80
\c@subsection=\count81
\c@subsubsection=\count82
\c@paragraph=\count83
\c@subparagraph=\count84
\c@figure=\count85
\c@table=\count86
\abovecaptionskip=\skip41
\belowcaptionskip=\skip42
\bibindent=\dimen102
)
(/usr/share/texmf/tex/latex/misc/setspace.sty
Package: setspace 2000/12/01 6.7 Contributed and Supported LaTeX2e package

Package: `setspace' 6.7 <2000/12/01>
) (./Google.aux)
\openout1 = `Google.aux'.

LaTeX Font Info:    Checking defaults for OML/cmm/m/it on input line 13.
LaTeX Font Info:    ... okay on input line 13.
LaTeX Font Info:    Checking defaults for T1/cmr/m/n on input line 13.
LaTeX Font Info:    ... okay on input line 13.
LaTeX Font Info:    Checking defaults for OT1/cmr/m/n on input line 13.
LaTeX Font Info:    ... okay on input line 13.
LaTeX Font Info:    Checking defaults for OMS/cmsy/m/n on input line 13.
LaTeX Font Info:    ... okay on input line 13.
LaTeX Font Info:    Checking defaults for OMX/cmex/m/n on input line 13.
LaTeX Font Info:    ... okay on input line 13.
LaTeX Font Info:    Checking defaults for U/cmr/m/n on input line 13.
LaTeX Font Info:    ... okay on input line 13.
LaTeX Font Info:    External font `cmex10' loaded for size
(Font)              <14.4> on input line 19.
LaTeX Font Info:    External font `cmex10' loaded for size
(Font)              <7> on input line 19.
 [1

] [2] [3] [4] [5] [6] [7]
LaTeX Font Info:    External font `cmex10' loaded for size
(Font)              <12> on input line 195.
LaTeX Font Info:    External font `cmex10' loaded for size
(Font)              <8> on input line 195.
LaTeX Font Info:    External font `cmex10' loaded for size
(Font)              <6> on input line 195.

Overfull \hbox (9.84615pt too wide) in paragraph at lines 195--204
[][] 
 []

[8]
LaTeX Font Info:    External font `cmex10' loaded for size
(Font)              <5> on input line 230.
 [9] [10] (./Google.bbl
Underfull \hbox (badness 10000) in paragraph at lines 4--6
[]\OT1/cmr/m/n/12 Misc, ``Time-line,'' \OT1/cmr/m/it/12 Google Cor-po-rate In-f
or-ma-tion\OT1/cmr/m/n/12 , 10-5-2005.
 []


Underfull \hbox (badness 1424) in paragraph at lines 13--15
[]\OT1/cmr/m/n/12 Misc, ``Board of Di-rec-tors,'' \OT1/cmr/m/it/12 Google In-ve
stor Re-la-tions\OT1/cmr/m/n/12 , 10-5-2005.
 []


Underfull \hbox (badness 6725) in paragraph at lines 17--19
[]\OT1/cmr/m/n/12 Misc, ``Prod-uct de-scrip-tions,'' \OT1/cmr/m/it/12 Google Pr
ess Cen-tre\OT1/cmr/m/n/12 , 10-5-2005.
 []


Underfull \hbox (badness 1303) in paragraph at lines 21--23
[]\OT1/cmr/m/n/12 Misc, ``Our phi-los-o-phy,'' \OT1/cmr/m/it/12 Google Cor-po-r
ate In-for-ma-tion\OT1/cmr/m/n/12 , 10-5-2005.
 []

) [11] (./Google.aux) ) 
Here is how much of TeX's memory you used:
 279 strings out of 95739
 3050 string characters out of 1194635
 47618 words of memory out of 1000001
 3339 multiletter control sequences out of 10000+50000
 9155 words of font info for 32 fonts, out of 500000 for 1000
 14 hyphenation exceptions out of 1000
 23i,8n,19p,137b,197s stack positions out of 1500i,500n,5000p,200000b,5000s

Output written on Google.dvi (11 pages, 15636 bytes).
