This is pdfeTeX, Version 3.141592-1.21a-2.2 (Web2C 7.5.4) (format=latex 2005.10.26)  12 DEC 2005 15:38
entering extended mode
**sql-report.tex
(./sql-report.tex
LaTeX2e <2003/12/01>
Babel <v3.8d> and hyphenation patterns for american, french, german, ngerman, b
ahasa, basque, bulgarian, catalan, croatian, czech, danish, dutch, esperanto, e
stonian, finnish, greek, icelandic, irish, italian, latin, magyar, norsk, polis
h, portuges, romanian, russian, serbian, slovak, slovene, spanish, swedish, tur
kish, ukrainian, nohyphenation, loaded.
(/sw/share/texmf-dist/tex/latex/base/article.cls
Document Class: article 2004/02/16 v1.4f Standard LaTeX document class
(/sw/share/texmf-dist/tex/latex/base/size12.clo
File: size12.clo 2004/02/16 v1.4f Standard LaTeX file (size option)
)
\c@part=\count79
\c@section=\count80
\c@subsection=\count81
\c@subsubsection=\count82
\c@paragraph=\count83
\c@subparagraph=\count84
\c@figure=\count85
\c@table=\count86
\abovecaptionskip=\skip41
\belowcaptionskip=\skip42
\bibindent=\dimen102
)
(/sw/share/texmf-dist/tex/generic/xypic/xy.sty
(/sw/share/texmf-dist/tex/generic/xypic/xy.tex Bootstrap'ing: catcodes,
docmode, (/sw/share/texmf-dist/tex/generic/xypic/xyrecat.tex)
(/sw/share/texmf-dist/tex/generic/xypic/xyidioms.tex)

 Xy-pic version 3.7 <1999/02/16>
 Copyright (c) 1991-1998 by Kristoffer H. Rose <krisrose@ens-lyon.fr>
 Xy-pic is free software: see the User's Guide for details.

Loading kernel: messages; fonts; allocations: state,
\X@c=\dimen103
\Y@c=\dimen104
\U@c=\dimen105
\D@c=\dimen106
\L@c=\dimen107
\R@c=\dimen108
\Edge@c=\toks14
\X@p=\dimen109
\Y@p=\dimen110
\U@p=\dimen111
\D@p=\dimen112
\L@p=\dimen113
\R@p=\dimen114
\Edge@p=\toks15
\X@origin=\dimen115
\Y@origin=\dimen116
\X@xbase=\dimen117
\Y@xbase=\dimen118
\X@ybase=\dimen119
\Y@ybase=\dimen120
\X@min=\dimen121
\Y@min=\dimen122
\X@max=\dimen123
\Y@max=\dimen124
\lastobjectbox@=\box26
\zerodotbox@=\box27
\almostz@=\dimen125
 direction,
\d@X=\dimen126
\d@Y=\dimen127
\K@=\count87
\KK@=\count88
\Direction=\count89
\K@dXdY=\dimen128
\K@dYdX=\dimen129
\xyread@=\read1
\xywrite@=\write3
\csp@=\count90
\quotPTK@=\dimen130

utility macros; pictures: \xy, positions,
\swaptoks@@=\toks16
\connectobjectbox@@=\box28
 objects,
\styletoks@=\toks17
 decorations;
kernel objects: directionals, circles, text; options; algorithms: directions,
edges, connections;  Xy-pic loaded)
Package: xy 1999/02/16 Xy-pic version 3.7

(/sw/share/texmf-dist/tex/generic/xypic/xyarc.tex
 Xy-pic option: Circle, Ellipse, Arc feature v.3.4
(/sw/share/texmf-dist/tex/generic/xypic/xycurve.tex
 Xy-pic option: Curve and Spline extension v.3.7 curve,
\crv@cnt@=\count91
\crvpts@=\toks18
\splinebox@=\box29
\splineval@=\dimen131
\splinedepth@=\dimen132
\splinetol@=\dimen133
\splinelength@=\dimen134
 circles,
\L@=\dimen135
 loaded)
circles, ellipses, elliptical arcs, loaded)
(/sw/share/texmf-dist/tex/generic/xypic/xypoly.tex
 Xy-pic option: Polygon feature v.3.7
(/sw/share/texmf-dist/tex/generic/xypic/xyarrow.tex
 Xy-pic option: Arrow and Path feature v.3.5 path, \ar, loaded) polygons,
\xypolynode@=\count92

loaded) (/sw/share/texmf-dist/tex/generic/xypic/xyall.tex
 Xy-pic option: All features v.3.3
(/sw/share/texmf-dist/tex/generic/xypic/xyframe.tex
 Xy-pic option: Frame and Bracket extension v.3.7 loaded)
(/sw/share/texmf-dist/tex/generic/xypic/xycmtip.tex
 Xy-pic option: Computer Modern tip extension v.3.3
(/sw/share/texmf-dist/tex/generic/xypic/xytips.tex
 Xy-pic option: More Tips extension v.3.3 loaded) loaded)
(/sw/share/texmf-dist/tex/generic/xypic/xyline.tex
 Xy-pic option: Line styles extension v.3.6
\xylinethick@=\dimen136
 loaded)
(/sw/share/texmf-dist/tex/generic/xypic/xyrotate.tex
 Xy-pic option: Rotate and Scale extension v.3.3 loaded)
(/sw/share/texmf-dist/tex/generic/xypic/xycolor.tex
 Xy-pic option: Colour extension v.3.3 loaded)
(/sw/share/texmf-dist/tex/generic/xypic/xymatrix.tex
 Xy-pic option: Matrix feature v.3.4
\Row=\count93
\Col=\count94
\queue@=\toks19
\queue@@=\toks20
\qcount@=\count95
\qcount@@=\count96
\matrixsize@=\count97
 loaded)
(/sw/share/texmf-dist/tex/generic/xypic/xygraph.tex
 Xy-pic option: Graph feature v.3.7 loaded) loaded))
(/sw/share/texmf-dist/tex/latex/graphics/color.sty
Package: color 1999/02/16 v1.0i Standard LaTeX Color (DPC)

(/sw/share/texmf-dist/tex/latex/graphics/color.cfg
File: color.cfg 2005/02/03 v1.3 color configuration of teTeX/TeXLive
)
Package color Info: Driver file: dvips.def on input line 125.

(/sw/share/texmf-dist/tex/latex/graphics/dvips.def
File: dvips.def 1999/02/16 v3.0i Driver-dependant file (DPC,SPQR)
)
(/sw/share/texmf-dist/tex/latex/graphics/dvipsnam.def
File: dvipsnam.def 1999/02/16 v3.0i Driver-dependant file (DPC,SPQR)
)) (./sql-report.aux)
\openout1 = `sql-report.aux'.

LaTeX Font Info:    Checking defaults for OML/cmm/m/it on input line 15.
LaTeX Font Info:    ... okay on input line 15.
LaTeX Font Info:    Checking defaults for T1/cmr/m/n on input line 15.
LaTeX Font Info:    ... okay on input line 15.
LaTeX Font Info:    Checking defaults for OT1/cmr/m/n on input line 15.
LaTeX Font Info:    ... okay on input line 15.
LaTeX Font Info:    Checking defaults for OMS/cmsy/m/n on input line 15.
LaTeX Font Info:    ... okay on input line 15.
LaTeX Font Info:    Checking defaults for OMX/cmex/m/n on input line 15.
LaTeX Font Info:    ... okay on input line 15.
LaTeX Font Info:    Checking defaults for U/cmr/m/n on input line 15.
LaTeX Font Info:    ... okay on input line 15.
LaTeX Font Info:    External font `cmex10' loaded for size
(Font)              <14.4> on input line 21.
LaTeX Font Info:    External font `cmex10' loaded for size
(Font)              <7> on input line 21.
LaTeX Font Info:    External font `cmex10' loaded for size
(Font)              <12> on input line 37.
LaTeX Font Info:    External font `cmex10' loaded for size
(Font)              <8> on input line 37.
LaTeX Font Info:    External font `cmex10' loaded for size
(Font)              <6> on input line 37.

[1

] [2] [3] [4]
Overfull \hbox (42.25021pt too wide) in paragraph at lines 289--289
[]\OT1/cmtt/m/n/12 INSERT into Film VALUES (1, 'The West Wing - Season 1', '1-j
an-1999');[] 
 []

[5]
Overfull \hbox (17.5502pt too wide) in paragraph at lines 289--289
[]\OT1/cmtt/m/n/12 INSERT into Film VALUES (2, 'Lost In Translation', '01-jan-2
003');[] 
 []


Overfull \hbox (5.2002pt too wide) in paragraph at lines 289--289
[]\OT1/cmtt/m/n/12 INSERT into Film VALUES (3, 'Finding Neverland', '01-jan-200
4');[] 
 []


Overfull \hbox (11.3752pt too wide) in paragraph at lines 289--289
[]\OT1/cmtt/m/n/12 INSERT into Film VALUES (5, 'American History X', '01-jan-19
99');[] 
 []


Overfull \hbox (5.2002pt too wide) in paragraph at lines 289--289
[]\OT1/cmtt/m/n/12 INSERT into Actor VALUES (6, 'Bradley Whitford', '10-oct-195
9');[] 
 []


Overfull \hbox (11.3752pt too wide) in paragraph at lines 289--289
[]\OT1/cmtt/m/n/12 INSERT into Actor VALUES (9, 'Samuel L. Jackson', '21-dec-19
48');[] 
 []


Overfull \hbox (36.07521pt too wide) in paragraph at lines 289--289
[]\OT1/cmtt/m/n/12 INSERT into Actor VALUES (12, 'Helena Bonham Carter', '26-ma
y-1966');[] 
 []


Overfull \hbox (23.7252pt too wide) in paragraph at lines 289--289
[]\OT1/cmtt/m/n/12 INSERT into Actor VALUES (16, 'Scarlet Johanssonn', '22-nov-
1984');[] 
 []

[6]
Overfull \hbox (5.2002pt too wide) in paragraph at lines 289--289
[]\OT1/cmtt/m/n/12 INSERT into Director VALUES (1, 'Chris Misiano', '01-jan-180
0');[] 
 []


Overfull \hbox (11.3752pt too wide) in paragraph at lines 289--289
[]\OT1/cmtt/m/n/12 INSERT into Director VALUES (3, 'Sophia Coppola', '14-may-19
71');[] 
 []


Overfull \hbox (5.2002pt too wide) in paragraph at lines 289--289
[]\OT1/cmtt/m/n/12 INSERT into Director VALUES (6, 'David Fincher', '10-may-196
2');[] 
 []


Overfull \hbox (54.60022pt too wide) in paragraph at lines 289--289
[]\OT1/cmtt/m/n/12 INSERT into Media VALUES (5017188815567, 'DVD', 'Dolby 5.1 S
urround', 2,[] 
 []


Overfull \hbox (54.60022pt too wide) in paragraph at lines 289--289
[]\OT1/cmtt/m/n/12 INSERT into Media VALUES (7321900223935, 'DVD', 'Dolby 2.0 S
urround', 2,[] 
 []


Overfull \hbox (54.60022pt too wide) in paragraph at lines 289--289
[]\OT1/cmtt/m/n/12 INSERT into Media VALUES (5060049145198, 'DVD', 'Dolby 5.1 S
urround', 2,[] 
 []


Overfull \hbox (54.60022pt too wide) in paragraph at lines 289--289
[]\OT1/cmtt/m/n/12 INSERT into Media VALUES (5039036003841, 'DVD', 'Dolby 5.1 S
urround', 2,[] 
 []


Overfull \hbox (54.60022pt too wide) in paragraph at lines 289--289
[]\OT1/cmtt/m/n/12 INSERT into Media VALUES (7321900167505, 'DVD', 'Dolby 5.1 S
urround', 2,[] 
 []


Overfull \hbox (54.60022pt too wide) in paragraph at lines 289--289
[]\OT1/cmtt/m/n/12 INSERT into Media VALUES (5017239190452, 'DVD', 'Dolby 5.1 S
urround', 2,[] 
 []


Overfull \hbox (54.60022pt too wide) in paragraph at lines 289--289
[]\OT1/cmtt/m/n/12 INSERT into Media VALUES (0000000000001, 'DVD', 'Dolby 5.1 S
urround', 1,[] 
 []

[7]
Overfull \hbox (48.42522pt too wide) in paragraph at lines 304--304
[]\OT1/cmtt/m/n/12 UPDATE FilmRole SET Role = 'Lt Danny Roman' where (Role = 'D
anny Roman'[] 
 []


Overfull \hbox (54.60022pt too wide) in paragraph at lines 304--304
[]\OT1/cmtt/m/n/12 UPDATE FilmRole SET Role = 'Lt Chris Sabien' where Role = 'C
hris Sabien'[] 
 []


Overfull \hbox (17.5502pt too wide) in paragraph at lines 304--304
[]\OT1/cmtt/m/n/12 UPDATE FilmRole SET Role = 'Sir James Matthew Barrie' where 
Role =[] 
 []


Overfull \hbox (17.5502pt too wide) in paragraph at lines 312--312
[]\OT1/cmtt/m/n/12 CREATE view FilmsAvailable as SELECT FilmTitle, Media, Regio
n from[] 
 []


Overfull \hbox (54.60022pt too wide) in paragraph at lines 312--312
[]   \OT1/cmtt/m/n/12 Film, Media, MediaOptions where Film.FilmID = MediaOption
s.FilmID AND[] 
 []


Overfull \hbox (42.25021pt too wide) in paragraph at lines 318--318
[]\OT1/cmtt/m/n/12 SELECT Barcode from Media where (Region = 2 AND AspectRatio 
= '16:9');[] 
 []

[8] [9] (./sql-report.aux) ) 
Here is how much of TeX's memory you used:
 2964 strings out of 94501
 36416 string characters out of 1176136
 133648 words of memory out of 1000000
 6138 multiletter control sequences out of 10000+50000
 9813 words of font info for 38 fonts, out of 500000 for 2000
 580 hyphenation exceptions out of 1000
 26i,15n,28p,176b,303s stack positions out of 1500i,500n,5000p,200000b,5000s

Output written on sql-report.dvi (9 pages, 18104 bytes).
