This is TeX, Version 3.14159 (Web2C 7.4.5) (format=latex 2005.1.25)  31 JAN 2005 02:49
**20050124.tex
(./20050124.tex
LaTeX2e <2001/06/01>
Babel <v3.7h> and hyphenation patterns for american, french, german, ngerman, n
ohyphenation, loaded.
(/sw/share/texmf/tex/latex/base/article.cls
Document Class: article 2001/04/21 v1.4e Standard LaTeX document class
(/sw/share/texmf/tex/latex/base/size12.clo
File: size12.clo 2001/04/21 v1.4e Standard LaTeX file (size option)
)
\c@part=\count79
\c@section=\count80
\c@subsection=\count81
\c@subsubsection=\count82
\c@paragraph=\count83
\c@subparagraph=\count84
\c@figure=\count85
\c@table=\count86
\abovecaptionskip=\skip41
\belowcaptionskip=\skip42
\bibindent=\dimen102
)
(/sw/share/texmf/tex/latex/misc/geometry.sty
Package: geometry 2002/07/08 v3.2 Page Geometry

(/sw/share/texmf/tex/latex/graphics/keyval.sty
Package: keyval 1999/03/16 v1.13 key=value parser (DPC)
\KV@toks@=\toks14
)
\Gm@cnth=\count87
\Gm@cntv=\count88
\c@Gm@tempcnt=\count89
\Gm@bindingoffset=\dimen103
\Gm@wd@mp=\dimen104
\Gm@odd@mp=\dimen105
\Gm@even@mp=\dimen106
\Gm@dimlist=\toks15

(/sw/share/texmf/tex/latex/config/geometry.cfg
File: geometry.cfg 2001/06/05 v1.0 teTeX (uncustomised setup)
))
(/sw/share/texmf/tex/latex/amsfonts/amssymb.sty
Package: amssymb 2002/01/22 v2.2d

(/sw/share/texmf/tex/latex/amsfonts/amsfonts.sty
Package: amsfonts 2001/10/25 v2.2f
\@emptytoks=\toks16
\symAMSa=\mathgroup4
\symAMSb=\mathgroup5
LaTeX Font Info:    Overwriting math alphabet `\mathfrak' in version `bold'
(Font)                  U/euf/m/n --> U/euf/b/n on input line 132.
))
(/sw/share/texmf/tex/latex/graphics/lscape.sty
Package: lscape 2000/10/22 v3.01 Landscape Pages (DPC)

(/sw/share/texmf/tex/latex/graphics/graphics.sty
Package: graphics 2001/07/07 v1.0n Standard LaTeX Graphics (DPC,SPQR)

(/sw/share/texmf/tex/latex/graphics/trig.sty
Package: trig 1999/03/16 v1.09 sin cos tan (DPC)
)
(/sw/share/texmf/tex/latex/config/graphics.cfg
File: graphics.cfg 2001/08/31 v1.1 graphics configuration of teTeX/TeXLive
)
Package graphics Info: Driver file: dvips.def on input line 80.

(/sw/share/texmf/tex/latex/graphics/dvips.def
File: dvips.def 1999/02/16 v3.0i Driver-dependant file (DPC,SPQR)
)))
(/sw/share/texmf/tex/latex/tools/longtable.sty
Package: longtable 2000/10/22 v4.10 Multi-page Table package (DPC)
\LTleft=\skip43
\LTright=\skip44
\LTpre=\skip45
\LTpost=\skip46
\LTchunksize=\count90
\LTcapwidth=\dimen107
\LT@head=\box26
\LT@firsthead=\box27
\LT@foot=\box28
\LT@lastfoot=\box29
\LT@cols=\count91
\LT@rows=\count92
\c@LT@tables=\count93
\c@LT@chunks=\count94
\LT@p@ftn=\toks17
)
(/sw/share/texmf/tex/latex/graphics/color.sty
Package: color 1999/02/16 v1.0i Standard LaTeX Color (DPC)

(/sw/share/texmf/tex/latex/config/color.cfg
File: color.cfg 2001/08/31 v1.1 color configuration of teTeX/TeXLive
)
Package color Info: Driver file: dvips.def on input line 125.

(/sw/share/texmf/tex/latex/graphics/dvipsnam.def
File: dvipsnam.def 1999/02/16 v3.0i Driver-dependant file (DPC,SPQR)
))
(/sw/share/texmf/tex/generic/xypic/xy.sty
(/sw/share/texmf/tex/generic/xypic/xy.tex Bootstrap'ing: catcodes, docmode,
(/sw/share/texmf/tex/generic/xypic/xyrecat.tex)
(/sw/share/texmf/tex/generic/xypic/xyidioms.tex)

 Xy-pic version 3.7 <1999/02/16>
 Copyright (c) 1991-1998 by Kristoffer H. Rose <krisrose@ens-lyon.fr>
 Xy-pic is free software: see the User's Guide for details.

Loading kernel: messages; fonts; allocations: state,
\X@c=\dimen108
\Y@c=\dimen109
\U@c=\dimen110
\D@c=\dimen111
\L@c=\dimen112
\R@c=\dimen113
\Edge@c=\toks18
\X@p=\dimen114
\Y@p=\dimen115
\U@p=\dimen116
\D@p=\dimen117
\L@p=\dimen118
\R@p=\dimen119
\Edge@p=\toks19
\X@origin=\dimen120
\Y@origin=\dimen121
\X@xbase=\dimen122
\Y@xbase=\dimen123
\X@ybase=\dimen124
\Y@ybase=\dimen125
\X@min=\dimen126
\Y@min=\dimen127
\X@max=\dimen128
\Y@max=\dimen129
\lastobjectbox@=\box30
\zerodotbox@=\box31
\almostz@=\dimen130
 direction,
\d@X=\dimen131
\d@Y=\dimen132
\K@=\count95
\KK@=\count96
\Direction=\count97
\K@dXdY=\dimen133
\K@dYdX=\dimen134
\xyread@=\read1
\xywrite@=\write3
\csp@=\count98
\quotPTK@=\dimen135

utility macros; pictures: \xy, positions,
\swaptoks@@=\toks20
\connectobjectbox@@=\box32
 objects,
\styletoks@=\toks21
 decorations;
kernel objects: directionals, circles, text; options; algorithms: directions,
edges, connections;  Xy-pic loaded)
Package: xy 1999/02/16 Xy-pic version 3.7

(/sw/share/texmf/tex/generic/xypic/xyarc.tex
 Xy-pic option: Circle, Ellipse, Arc feature v.3.4
(/sw/share/texmf/tex/generic/xypic/xycurve.tex
 Xy-pic option: Curve and Spline extension v.3.7 curve,
\crv@cnt@=\count99
\crvpts@=\toks22
\splinebox@=\box33
\splineval@=\dimen136
\splinedepth@=\dimen137
\splinetol@=\dimen138
\splinelength@=\dimen139
 circles,
\L@=\dimen140
 loaded)
circles, ellipses, elliptical arcs, loaded)
(/sw/share/texmf/tex/generic/xypic/xypoly.tex
 Xy-pic option: Polygon feature v.3.7
(/sw/share/texmf/tex/generic/xypic/xyarrow.tex
 Xy-pic option: Arrow and Path feature v.3.5 path, \ar, loaded) polygons,
\xypolynode@=\count100

loaded) (/sw/share/texmf/tex/generic/xypic/xyall.tex
 Xy-pic option: All features v.3.3
(/sw/share/texmf/tex/generic/xypic/xyframe.tex
 Xy-pic option: Frame and Bracket extension v.3.7 loaded)
(/sw/share/texmf/tex/generic/xypic/xycmtip.tex
 Xy-pic option: Computer Modern tip extension v.3.3
(/sw/share/texmf/tex/generic/xypic/xytips.tex
 Xy-pic option: More Tips extension v.3.3 loaded) loaded)
(/sw/share/texmf/tex/generic/xypic/xyline.tex
 Xy-pic option: Line styles extension v.3.6
\xylinethick@=\dimen141
 loaded)
(/sw/share/texmf/tex/generic/xypic/xyrotate.tex
 Xy-pic option: Rotate and Scale extension v.3.3 loaded)
(/sw/share/texmf/tex/generic/xypic/xycolor.tex
 Xy-pic option: Colour extension v.3.3 loaded)
(/sw/share/texmf/tex/generic/xypic/xymatrix.tex
 Xy-pic option: Matrix feature v.3.4
\Row=\count101
\Col=\count102
\queue@=\toks23
\queue@@=\toks24
\qcount@=\count103
\qcount@@=\count104
\matrixsize@=\count105
 loaded)
(/sw/share/texmf/tex/generic/xypic/xygraph.tex
 Xy-pic option: Graph feature v.3.7 loaded) loaded))
(/sw/share/texmf/tex/latex/misc/ulem.sty
\UL@box=\box34
\UL@hyphenbox=\box35
\UL@skip=\skip47
\UL@hook=\toks25
\UL@pe=\count106
\UL@pixel=\dimen142
\ULC@box=\box36
Package: ulem 2000/05/26
\ULdepth=\dimen143
)

! LaTeX Error: File `listing.sty' not found.

Type X to quit or <RETURN> to proceed,
or enter new name. (Default extension: sty)

Enter file name: /Users/conall/share/texmf/tex/latex/listings/listings.sty
(/Users/conall/share/texmf/tex/latex/listings/listings.sty
\lst@mode=\count107
\lst@gtempboxa=\box37
\lst@token=\toks26
\lst@length=\count108
\lst@currlwidth=\dimen144
\lst@column=\count109
\lst@pos=\count110
\lst@lostspace=\dimen145
\lst@width=\dimen146
\lst@newlines=\count111
\lst@lineno=\count112
\c@lstlisting=\count113
\lst@maxwidth=\dimen147

(/Users/conall/share/texmf/tex/latex/listings/lstpatch.sty
File: lstpatch.sty 2004/10/17 1.3b (Carsten Heinz)
)
(/Users/conall/share/texmf/tex/latex/listings/lstmisc.sty
File: lstmisc.sty 2004/09/07 1.3 (Carsten Heinz)
\c@lstnumber=\count114
\lst@skipnumbers=\count115
\lst@framebox=\box38
)
(/Users/conall/share/texmf/tex/latex/listings/listings.cfg
File: listings.cfg 2004/09/05 1.3 listings configuration
))

LaTeX Warning: You have requested package `listing',
               but the package provides `listings'.

Package: listings 2004/10/17 1.3b (Carsten Heinz)
(/sw/share/texmf/tex/latex/tools/verbatim.sty
Package: verbatim 2001/03/12 v1.5p LaTeX2e package for verbatim enhancements
\every@verbatim=\toks27
\verbatim@line=\toks28
\verbatim@in@stream=\read2
)
(/sw/share/texmf/tex/latex/fancyvrb/fancyvrb.sty
Package: fancyvrb 2000/03/21

Style option: `fancyvrb' v2.7, with DG/SPQR fixes <2000/03/21> (tvz)
\FV@CodeLineNo=\count116
\FV@InFile=\read3
\FV@TabBox=\box39
\c@FancyVerbLine=\count117
\FV@StepNumber=\count118
\FV@OutFile=\write4
)
(./20050124.aux)
\openout1 = `20050124.aux'.

LaTeX Font Info:    Checking defaults for OML/cmm/m/it on input line 29.
LaTeX Font Info:    ... okay on input line 29.
LaTeX Font Info:    Checking defaults for T1/cmr/m/n on input line 29.
LaTeX Font Info:    ... okay on input line 29.
LaTeX Font Info:    Checking defaults for OT1/cmr/m/n on input line 29.
LaTeX Font Info:    ... okay on input line 29.
LaTeX Font Info:    Checking defaults for OMS/cmsy/m/n on input line 29.
LaTeX Font Info:    ... okay on input line 29.
LaTeX Font Info:    Checking defaults for OMX/cmex/m/n on input line 29.
LaTeX Font Info:    ... okay on input line 29.
LaTeX Font Info:    Checking defaults for U/cmr/m/n on input line 29.
LaTeX Font Info:    ... okay on input line 29.
-------------------- Geometry parameters
paper: a4paper
landscape: --
twocolumn: --
twoside: --
asymmetric: --
h-parts: 56.9055pt, 483.69687pt, 56.9055pt
v-parts: 56.9055pt, 731.23584pt, 56.9055pt
hmarginratio: --
vmarginratio: --
lines: --
heightrounded: --
bindingoffset: 0.0pt
truedimen: --
includehead: --
includefoot: --
includemp: --
driver: 
-------------------- Page layout dimensions and switches
\paperwidth  597.50787pt
\paperheight 845.04684pt
\textwidth  483.69687pt
\textheight 731.23584pt
\oddsidemargin  -15.36449pt
\evensidemargin -15.36449pt
\topmargin  -52.36449pt
\headheight 12.0pt
\headsep    25.0pt
\footskip   30.0pt
\marginparwidth 35.0pt
\marginparsep   10.0pt
\columnsep  10.0pt
\skip\footins  10.8pt plus 4.0pt minus 2.0pt
\hoffset 0.0pt
\voffset 0.0pt
\mag 1000

(1in=72.27pt, 1cm=28.45pt)
-----------------------
LaTeX Font Info:    Try loading font information for U+msa on input line 35.
 (/sw/share/texmf/tex/latex/amsfonts/umsa.fd
File: umsa.fd 2002/01/19 v2.2g AMS font definitions
)
LaTeX Font Info:    Try loading font information for U+msb on input line 35.

(/sw/share/texmf/tex/latex/amsfonts/umsb.fd
File: umsb.fd 2002/01/19 v2.2g AMS font definitions
) [1

] [2] [3] [4

]
LaTeX Font Info:    Try loading font information for OMS+cmr on input line 180.


(/sw/share/texmf/tex/latex/base/omscmr.fd
File: omscmr.fd 1999/05/25 v2.5h Standard LaTeX font definitions
)
LaTeX Font Info:    Font shape `OMS/cmr/m/n' in size <12> not available
(Font)              Font shape `OMS/cmsy/m/n' tried instead on input line 180.
 [5

] [6] [7] [8] [9] [10] [11]
(/Users/conall/share/texmf/tex/latex/listings/lstlang1.sty
File: lstlang1.sty 2004/09/05 1.3 listings language file
)
(/Users/conall/share/texmf/tex/latex/listings/lstmisc.sty
File: lstmisc.sty 2004/09/07 1.3 (Carsten Heinz)
\lstFV@gtempboxa=\box40
) (./ducare.py
LaTeX Font Info:    Font shape `OMS/cmr/m/n' in size <10> not available
(Font)              Font shape `OMS/cmsy/m/n' tried instead on input line 22.

[12]
LaTeX Font Info:    Try loading font information for OML+cmr on input line 69.
 (/sw/share/texmf/tex/latex/base/omlcmr.fd
File: omlcmr.fd 1999/05/25 v2.5h Standard LaTeX font definitions
)
LaTeX Font Info:    Font shape `OML/cmr/m/it' in size <10> not available
(Font)              Font shape `OML/cmm/m/it' tried instead on input line 69.

Overfull \hbox (14.3082pt too wide) in paragraph at lines 90--91
[][][][][][][][][][][][][][][][][][][] 
 []

LaTeX Font Info:    Font shape `OML/cmr/m/n' in size <10> not available
(Font)              Font shape `OML/cmm/m/it' tried instead on input line 96.
[13])
File: sample-input  (verbatim)
 [14]
File: sample-input2  (verbatim)
 [15] (./20050124.aux) ) 
Here is how much of TeX's memory you used:
 5683 strings out of 95847
 73870 string characters out of 1196009
 196370 words of memory out of 1000001
 8524 multiletter control sequences out of 10000+50000
 16729 words of font info for 68 fonts, out of 500000 for 1000
 14 hyphenation exceptions out of 1000
 31i,9n,44p,248b,1621s stack positions out of 1500i,500n,5000p,200000b,5000s

Output written on 20050124.dvi (15 pages, 55928 bytes).
