This is TeX, Version 3.14159 (Web2C 7.4.5) (format=latex 2004.5.14)  17 MAY 2004 11:59
**alan-moore-mt.tex
(./alan-moore-mt.tex
LaTeX2e <2001/06/01>
Babel <v3.7h> and hyphenation patterns for american, british, french, ngerman, 
nohyphenation, loaded.
(/usr/share/texmf/tex/latex/base/article.cls
Document Class: article 2001/04/21 v1.4e Standard LaTeX document class
(/usr/share/texmf/tex/latex/base/size12.clo
File: size12.clo 2001/04/21 v1.4e Standard LaTeX file (size option)
)
\c@part=\count79
\c@section=\count80
\c@subsection=\count81
\c@subsubsection=\count82
\c@paragraph=\count83
\c@subparagraph=\count84
\c@figure=\count85
\c@table=\count86
\abovecaptionskip=\skip41
\belowcaptionskip=\skip42
\bibindent=\dimen102
)
(/usr/share/texmf/tex/generic/xypic/xy.sty
(/usr/share/texmf/tex/generic/xypic/xy.tex Bootstrap'ing: catcodes, docmode,
(/usr/share/texmf/tex/generic/xypic/xyrecat.tex)
(/usr/share/texmf/tex/generic/xypic/xyidioms.tex)

 Xy-pic version 3.7 <1999/02/16>
 Copyright (c) 1991-1998 by Kristoffer H. Rose <krisrose@ens-lyon.fr>
 Xy-pic is free software: see the User's Guide for details.

Loading kernel: messages; fonts; allocations: state,
\X@c=\dimen103
\Y@c=\dimen104
\U@c=\dimen105
\D@c=\dimen106
\L@c=\dimen107
\R@c=\dimen108
\Edge@c=\toks14
\X@p=\dimen109
\Y@p=\dimen110
\U@p=\dimen111
\D@p=\dimen112
\L@p=\dimen113
\R@p=\dimen114
\Edge@p=\toks15
\X@origin=\dimen115
\Y@origin=\dimen116
\X@xbase=\dimen117
\Y@xbase=\dimen118
\X@ybase=\dimen119
\Y@ybase=\dimen120
\X@min=\dimen121
\Y@min=\dimen122
\X@max=\dimen123
\Y@max=\dimen124
\lastobjectbox@=\box26
\zerodotbox@=\box27
\almostz@=\dimen125
 direction,
\d@X=\dimen126
\d@Y=\dimen127
\K@=\count87
\KK@=\count88
\Direction=\count89
\K@dXdY=\dimen128
\K@dYdX=\dimen129
\xyread@=\read1
\xywrite@=\write3
\csp@=\count90
\quotPTK@=\dimen130

utility macros; pictures: \xy, positions,
\swaptoks@@=\toks16
\connectobjectbox@@=\box28
 objects,
\styletoks@=\toks17
 decorations;
kernel objects: directionals, circles, text; options; algorithms: directions,
edges, connections;  Xy-pic loaded)
Package: xy 1999/02/16 Xy-pic version 3.7

(/usr/share/texmf/tex/generic/xypic/xycurve.tex
 Xy-pic option: Curve and Spline extension v.3.7 curve,
\crv@cnt@=\count91
\crvpts@=\toks18
\splinebox@=\box29
\splineval@=\dimen131
\splinedepth@=\dimen132
\splinetol@=\dimen133
\splinelength@=\dimen134
 circles,
\L@=\dimen135
 loaded)
(/usr/share/texmf/tex/generic/xypic/xyarc.tex
 Xy-pic option: Circle, Ellipse, Arc feature v.3.4 circles, ellipses,
elliptical arcs, loaded) (/usr/share/texmf/tex/generic/xypic/xypoly.tex
 Xy-pic option: Polygon feature v.3.7
(/usr/share/texmf/tex/generic/xypic/xyarrow.tex
 Xy-pic option: Arrow and Path feature v.3.5 path, \ar, loaded) polygons,
\xypolynode@=\count92

loaded) (/usr/share/texmf/tex/generic/xypic/xyall.tex
 Xy-pic option: All features v.3.3
(/usr/share/texmf/tex/generic/xypic/xyframe.tex
 Xy-pic option: Frame and Bracket extension v.3.7 loaded)
(/usr/share/texmf/tex/generic/xypic/xycmtip.tex
 Xy-pic option: Computer Modern tip extension v.3.3
(/usr/share/texmf/tex/generic/xypic/xytips.tex
 Xy-pic option: More Tips extension v.3.3 loaded) loaded)
(/usr/share/texmf/tex/generic/xypic/xyline.tex
 Xy-pic option: Line styles extension v.3.6
\xylinethick@=\dimen136
 loaded)
(/usr/share/texmf/tex/generic/xypic/xyrotate.tex
 Xy-pic option: Rotate and Scale extension v.3.3 loaded)
(/usr/share/texmf/tex/generic/xypic/xycolor.tex
 Xy-pic option: Colour extension v.3.3 loaded)
(/usr/share/texmf/tex/generic/xypic/xymatrix.tex
 Xy-pic option: Matrix feature v.3.4
\Row=\count93
\Col=\count94
\queue@=\toks19
\queue@@=\toks20
\qcount@=\count95
\qcount@@=\count96
\matrixsize@=\count97
 loaded)
(/usr/share/texmf/tex/generic/xypic/xygraph.tex
 Xy-pic option: Graph feature v.3.7 loaded) loaded))
(/usr/share/texmf/tex/latex/graphics/pstcol.sty
Package: pstcol 2001/06/20 v1.1 PSTricks color colompatibility (DPC)

(/usr/share/texmf/tex/latex/pstricks/pstricks.sty
Package: pstricks 1997/03/25 package wrapper for PSTricks pstricks.tex

(/usr/share/texmf/tex/generic/pstricks/pstricks.tex
`PSTricks' v97 patch 14  <1999/12/23> (tvz)
\pst@dima=\dimen137
\pst@dimb=\dimen138
\pst@dimc=\dimen139
\pst@dimd=\dimen140
\pst@dimg=\dimen141
\pst@dimh=\dimen142
\pst@hbox=\box30
\pst@boxg=\box31
\pst@cnta=\count98
\pst@cntb=\count99
\pst@cntc=\count100
\pst@cntd=\count101
\pst@cntg=\count102
\pst@cnth=\count103
\pst@toks=\toks21
(/usr/share/texmf/tex/generic/pstricks/pstricks.con)
\psunit=\dimen143
\psxunit=\dimen144
\psyunit=\dimen145
\pslinewidth=\dimen146
\pst@customdefs=\toks22
\pslinearc=\dimen147
\everypsbox=\toks23
\psframesep=\dimen148
\pslabelsep=\dimen149
\theoverlaybox=\box32
))
(/usr/share/texmf/tex/latex/graphics/color.sty
Package: color 1999/02/16 v1.0i Standard LaTeX Color (DPC)

(/usr/share/texmf/tex/latex/config/color.cfg
File: color.cfg 2001/08/31 v1.1 color configuration of teTeX/TeXLive
)
Package color Info: Driver file: dvips.def on input line 125.

(/usr/share/texmf/tex/latex/graphics/dvips.def
File: dvips.def 1999/02/16 v3.0i Driver-dependant file (DPC,SPQR)
)
(/usr/share/texmf/tex/latex/graphics/dvipsnam.def
File: dvipsnam.def 1999/02/16 v3.0i Driver-dependant file (DPC,SPQR)
)))
(/usr/share/texmf/tex/latex/pstricks/pst-plot.sty
Package: pst-plot 1997/03/25 package wrapper for PSTricks pst-plot.tex

(/usr/share/texmf/tex/generic/pstricks/pst-plot.tex  v97 patch 2, 1999/12/12
(/usr/share/texmf/tex/generic/multido/multido.tex  v1.4, 93/01/14 <tvz>
\multido@count=\count104
\multidocount=\count105
\multido@stuff=\toks24
)))
(/usr/share/texmf/tex/latex/circ/circ.sty
Package: circ 1997/04/23 v1.0d for typeset circuit diagrams
\X*max=\dimen150
\X*min=\dimen151
\*X*=\dimen152
\*Y*=\dimen153
\**X=\dimen154
\**Y=\dimen155
\***X=\dimen156
\***Y=\dimen157
\*bbox=\box33
\box*=\box34
\ic*=\dimen158
\ht*=\dimen159
\wd*=\dimen160
\dp*=\dimen161
\cc*=\count106
\*spc=\dimen162
\ldd*=\toks25
\rud*=\toks26
\llpos*=\toks27
\ldpos*=\toks28
\rlpos*=\toks29
\rdpos*=\toks30
\ulpos*=\toks31
\udpos*=\toks32
\dlpos*=\toks33
\ddpos*=\toks34
\cnta*=\count107
\cntb*=\count108
\name*=\toks35
\ld*pin=\toks36
\ru*pin=\toks37
\m*pin=\toks38
\rmacros=\toks39
\outerspace=\dimen163
\*Ilist=\toks40
\*Olist=\toks41
\pin*spc=\dimen164
\pin*ind=\dimen165
\io*ind=\dimen166
\mid*ind=\dimen167
\pinnum*spc=\dimen168
\CIRCfinit=\toks42

(/usr/share/texmf/tex/latex/circ/basic.def
File: basic.def 
)) (./alan-moore-mt.aux)
\openout1 = `alan-moore-mt.aux'.

LaTeX Font Info:    Checking defaults for OML/cmm/m/it on input line 12.
LaTeX Font Info:    ... okay on input line 12.
LaTeX Font Info:    Checking defaults for T1/cmr/m/n on input line 12.
LaTeX Font Info:    ... okay on input line 12.
LaTeX Font Info:    Checking defaults for OT1/cmr/m/n on input line 12.
LaTeX Font Info:    ... okay on input line 12.
LaTeX Font Info:    Checking defaults for OMS/cmsy/m/n on input line 12.
LaTeX Font Info:    ... okay on input line 12.
LaTeX Font Info:    Checking defaults for OMX/cmex/m/n on input line 12.
LaTeX Font Info:    ... okay on input line 12.
LaTeX Font Info:    Checking defaults for U/cmr/m/n on input line 12.
LaTeX Font Info:    ... okay on input line 12.
LaTeX Font Info:    Try loading font information for OMS+cmr on input line 24.

(/usr/share/texmf/tex/latex/base/omscmr.fd
File: omscmr.fd 1999/05/25 v2.5h Standard LaTeX font definitions
)
LaTeX Font Info:    Font shape `OMS/cmr/m/n' in size <12> not available
(Font)              Font shape `OMS/cmsy/m/n' tried instead on input line 24.
LaTeX Font Info:    External font `cmex10' loaded for size
(Font)              <12> on input line 58.
LaTeX Font Info:    External font `cmex10' loaded for size
(Font)              <8> on input line 58.
LaTeX Font Info:    External font `cmex10' loaded for size
(Font)              <6> on input line 58.
 [1

] [2] [3] [4] [5] [6] [7]
[8]
Overfull \hbox (36.79115pt too wide) in paragraph at lines 402--403
[][] 
 []

[9]
Overfull \hbox (277.30862pt too wide) detected at line 453
[] \OT1/cmr/m/n/12 = [] \OMS/cmsy/m/n/12 ^^@ [] ^^@ []
 []

[10] [11] [12] [13]
Overfull \hbox (36.79115pt too wide) in paragraph at lines 570--571
[][] 
 []

[14]
Overfull \hbox (36.79115pt too wide) in paragraph at lines 623--624
[][] 
 []

[15] [16]
Underfull \hbox (badness 10000) in paragraph at lines 712--716

 []

[17] [18] [19] [20] [21] [22]
Underfull \hbox (badness 10000) in paragraph at lines 991--993

 []

[23] [24] [25] [26] [27] [28] [29] [30]
Underfull \hbox (badness 10000) in paragraph at lines 1348--1350

 []

[31] [32]
Package CIRC Info: `\put \P \_ \L \S ' redefined on input line 1542.
LaTeX Font Info:    External font `cmex10' loaded for size
(Font)              <7> on input line 1548.
LaTeX Font Info:    External font `cmex10' loaded for size
(Font)              <5> on input line 1548.

! Point >fconnection2< is not defined.
\frompin ...errmessage {Point >#1< is not defined}
                                                  \else \csname #1\endcsname...
l.1557 ..._{CC} = 5V$} from fconnection2 to .2r^^I
                                                  % V_{CC} label
? 
! Point >.2r< is not defined.
\frompin ...errmessage {Point >#1< is not defined}
                                                  \else \csname #1\endcsname...
l.1557 ..._{CC} = 5V$} from fconnection2 to .2r^^I
                                                  % V_{CC} label
? 
! Point >R3t< is not defined.
\frompin ...errmessage {Point >#1< is not defined}
                                                  \else \csname #1\endcsname...
l.1577 \vtopin R3t^^I
                     ^^I^^I^^I^^I^^I^^I^^I^^I^^I^^I^^I^^I^^I^^I% Connect to ...

? 
! Point >R4t< is not defined.
\frompin ...errmessage {Point >#1< is not defined}
                                                  \else \csname #1\endcsname...
l.1580 \vtopin R4t^^I
                     ^^I^^I^^I^^I^^I^^I^^I^^I^^I^^I^^I^^I^^I^^I% At the top
? 
! Point >.3l< is not defined.
\frompin ...errmessage {Point >#1< is not defined}
                                                  \else \csname #1\endcsname...
l.1585 \frompin .3l^^I
                      ^^I^^I^^I^^I^^I^^I^^I^^I^^I^^I^^I^^I^^I% From the left...

? 
Package CIRC Info: `\put \P \_ \L \S ' restored on input line 1587.
[33]
Underfull \hbox (badness 10000) in paragraph at lines 1639--1640

 []

[34]
Underfull \hbox (badness 10000) in paragraph at lines 1641--1642

 []

Package CIRC Info: `\put \P \_ \L \S ' redefined on input line 1664.
Package CIRC Info: `\put \P \_ \L \S ' restored on input line 1666.

Underfull \hbox (badness 10000) in paragraph at lines 1672--1673

 []


Underfull \hbox (badness 10000) in paragraph at lines 1674--1675

 []


Underfull \hbox (badness 10000) in paragraph at lines 1676--1677

 []

[35] [36] [37] (./alan-moore-mt.aux) ) 
Here is how much of TeX's memory you used:
 4222 strings out of 95839
 48944 string characters out of 1195853
 252496 words of memory out of 1000001
 7121 multiletter control sequences out of 10000+50000
 10064 words of font info for 41 fonts, out of 500000 for 1000
 22 hyphenation exceptions out of 1000
 28i,12n,43p,215b,986s stack positions out of 1500i,500n,5000p,200000b,5000s

Output written on alan-moore-mt.dvi (37 pages, 267812 bytes).
