This is TeX, Version 3.14159 (Web2C 7.4.5) (format=latex 2004.10.17)  8 DEC 2004 00:38
**Group5-Critique.tex
(./Group5-Critique.tex
LaTeX2e <2001/06/01>
Babel <v3.7h> and hyphenation patterns for american, french, german, ngerman, n
ohyphenation, loaded.
(/sw/share/texmf/tex/latex/seminar/seminar.cls
Document Class: seminar 1997/10/13, 1.4
Document Style: `seminar' v1.4 <1997/10/13> (tvz)
\slidewidth=\dimen102
\slideheight=\dimen103
\footheight=\dimen104
(/sw/share/texmf/tex/latex/base/article.cls
Document Class: article 2001/04/21 v1.4e Standard LaTeX document class
(/sw/share/texmf/tex/latex/base/size10.clo
File: size10.clo 2001/04/21 v1.4e Standard LaTeX file (size option)
)
\c@part=\count79
\c@section=\count80
\c@subsection=\count81
\c@subsubsection=\count82
\c@paragraph=\count83
\c@subparagraph=\count84
\c@figure=\count85
\c@table=\count86
\abovecaptionskip=\skip41
\belowcaptionskip=\skip42
\bibindent=\dimen105
)
(/sw/share/texmf/tex/latex/seminar/sem-page.sty)
\before@document=\toks14
\after@document=\toks15
\before@enddocument=\toks16
\c@slide=\count87
\slide@count=\count88
\@slidebox=\box26
\not@slidebox=\box27
\slide@hook=\toks17
\after@slide=\toks18
\slide@footins=\insert233
\slide@listdepth=\count89
\saved@specials=\box28
\before@newslide=\toks19
\after@slidepage=\toks20
\slidesep=\skip43
\c@note=\count90
\slideframewidth=\dimen106
\slideframesep=\dimen107
\semin=\dimen108
\semcm=\dimen109
)
(/sw/share/texmf/tex/latex/config/seminar.con)
(/sw/share/texmf/tex/latex/seminar/semcolor.sty
Style Option: `semcolor' for doc style `seminar' 1.0 <93/04/01> (tvz)
(/sw/share/texmf/tex/generic/pstricks/pstricks.tex
`PSTricks' v97 patch 14  <1999/12/23> (tvz)
\pst@dima=\dimen110
\pst@dimb=\dimen111
\pst@dimc=\dimen112
\pst@dimd=\dimen113
\pst@dimg=\dimen114
\pst@dimh=\dimen115
\pst@hbox=\box29
\pst@boxg=\box30
\pst@cnta=\count91
\pst@cntb=\count92
\pst@cntc=\count93
\pst@cntd=\count94
\pst@cntg=\count95
\pst@cnth=\count96
\pst@toks=\toks21
(/sw/share/texmf/tex/generic/pstricks/pstricks.con)
\psunit=\dimen116
\psxunit=\dimen117
\psyunit=\dimen118
\pslinewidth=\dimen119
\pst@customdefs=\toks22
\pslinearc=\dimen120
\everypsbox=\toks23
\psframesep=\dimen121
\pslabelsep=\dimen122
\theoverlaybox=\box31
))
(/sw/share/texmf/tex/latex/graphics/color.sty
Package: color 1999/02/16 v1.0i Standard LaTeX Color (DPC)

(/sw/share/texmf/tex/latex/config/color.cfg
File: color.cfg 2001/08/31 v1.1 color configuration of teTeX/TeXLive
)
Package color Info: Driver file: dvips.def on input line 125.

(/sw/share/texmf/tex/latex/graphics/dvips.def
File: dvips.def 1999/02/16 v3.0i Driver-dependant file (DPC,SPQR)
)
(/sw/share/texmf/tex/latex/graphics/dvipsnam.def
File: dvipsnam.def 1999/02/16 v3.0i Driver-dependant file (DPC,SPQR)
))
(/sw/share/texmf/tex/latex/pstricks/pst-all.sty
Package: pst-all 1997/03/25 all pstricks tools

(/sw/share/texmf/tex/latex/graphics/pstcol.sty
Package: pstcol 2001/06/20 v1.1 PSTricks color colompatibility (DPC)

(/sw/share/texmf/tex/latex/pstricks/pstricks.sty
Package: pstricks 1997/03/25 package wrapper for PSTricks pstricks.tex

(/sw/share/texmf/tex/generic/pstricks/pstricks.tex)))
(/sw/share/texmf/tex/latex/pstricks/pst-grad.sty
Package: pst-grad 1997/03/25 package wrapper for PSTricks pst-grad.tex

(/sw/share/texmf/tex/generic/pstricks/pst-grad.tex  v97 patch 1, 1997/04/28
Package color Info: Redefining color gradbegin on input line 45.
Package color Info: Redefining color gradend on input line 49.
))
(/sw/share/texmf/tex/latex/pstricks/pst-plot.sty
Package: pst-plot 1997/03/25 package wrapper for PSTricks pst-plot.tex

(/sw/share/texmf/tex/generic/pstricks/pst-plot.tex  v97 patch 2, 1999/12/12
(/sw/share/texmf/tex/generic/multido/multido.tex  v1.4, 93/01/14 <tvz>
\multido@count=\count97
\multidocount=\count98
\multido@stuff=\toks24
)))
(/sw/share/texmf/tex/latex/pstricks/pst-coil.sty
Package: pst-coil 1997/03/25 package wrapper for PSTricks pst-coil.tex

(/sw/share/texmf/tex/generic/pstricks/pst-coil.tex  v97 patch 2, 1998/03/19))
(/sw/share/texmf/tex/latex/pstricks/pst-text.sty
Package: pst-text 1997/03/25 package wrapper for PSTricks pst-text.tex

(/sw/share/texmf/tex/generic/pstricks/pst-text.tex  v97, 1997/03/25))
(/sw/share/texmf/tex/latex/pstricks/pst-char.sty
Package: pst-char 1997/03/25 package wrapper for PSTricks pst-char.tex

(/sw/share/texmf/tex/generic/pstricks/pst-char.tex  v97 patch 3, 1999/03/11))
(/sw/share/texmf/tex/latex/pstricks/pst-node.sty
Package: pst-node 1997/03/25 package wrapper for PSTricks pst-node.tex

(/sw/share/texmf/tex/generic/pstricks/pst-node.tex  v97 patch 11, 2000/11/09
\psrow=\count99
\pscol=\count100
\psmatrixcnt=\count101
\psrowsep=\skip44
\pscolsep=\skip45
))
(/sw/share/texmf/tex/latex/pstricks/pst-3d.sty
Package: pst-3d 1997/03/25 package wrapper for PSTricks pst-3d.tex

(/sw/share/texmf/tex/generic/pstricks/pst-3d.tex  v97, 1997/03/25))
(/sw/share/texmf/tex/latex/pstricks/pst-eps.sty
Package: pst-eps 1997/03/25 package wrapper for PSTricks pst-eps.tex

(/sw/share/texmf/tex/generic/pstricks/pst-eps.tex  v97 patch 1, 1997/05/05
\pst@epsout=\write3
\pst@tempout=\write4
))
(/sw/share/texmf/tex/latex/pstricks/pst-fill.sty
Package: pst-fill 1997/04/08 package wrapper for PSTricks pst-fill package

(/sw/share/texmf/tex/generic/pstricks/pst-fill.tex  v97 patch 2, 1997/12/12
\pst@fillbox=\box32
))
(/sw/share/texmf/tex/latex/pstricks/pst-tree.sty
Package: pst-tree 1997/03/25 package wrapper for PSTricks pst-tree.tex

(/sw/share/texmf/tex/generic/pstricks/pst-tree.tex  v97 patch 5, 1999/10/28
\pstree@rootbox=\box33
\pstree@box=\box34
\psnodecnt=\count102
\pstreelevel=\count103
\pstreecnt=\count104
\pstree@cnt=\count105
\pstree@stop=\count106
))
(/sw/share/texmf/tex/generic/multido/multido.sty
Package: multido 1997/03/25 package wrapper for multido.tex

(/sw/share/texmf/tex/generic/multido/multido.tex  v1.4, 93/01/14 <tvz>)))
Package color Info: Redefining color white on input line 9.

(./Group5-Critique.aux)
\openout1 = `Group5-Critique.aux'.

LaTeX Font Info:    Checking defaults for OML/cmm/m/it on input line 18.
LaTeX Font Info:    ... okay on input line 18.
LaTeX Font Info:    Checking defaults for T1/cmr/m/n on input line 18.
LaTeX Font Info:    ... okay on input line 18.
LaTeX Font Info:    Checking defaults for OT1/cmr/m/n on input line 18.
LaTeX Font Info:    ... okay on input line 18.
LaTeX Font Info:    Checking defaults for OMS/cmsy/m/n on input line 18.
LaTeX Font Info:    ... okay on input line 18.
LaTeX Font Info:    Checking defaults for OMX/cmex/m/n on input line 18.
LaTeX Font Info:    ... okay on input line 18.
LaTeX Font Info:    Checking defaults for U/cmr/m/n on input line 18.
LaTeX Font Info:    ... okay on input line 18.
 [1


] [2

] [3

] (./Group5-Critique.aux) ) 
Here is how much of TeX's memory you used:
 2645 strings out of 95847
 32729 string characters out of 1196008
 98627 words of memory out of 1000001
 5557 multiletter control sequences out of 10000+50000
 4852 words of font info for 18 fonts, out of 500000 for 1000
 14 hyphenation exceptions out of 1000
 29i,5n,21p,189b,381s stack positions out of 1500i,500n,5000p,200000b,5000s

Output written on Group5-Critique.dvi (3 pages, 2828 bytes).
